[0.010s] Invoking command in '/home/prathamesh/robot_ws/build/robot_msg': CMAKE_PREFIX_PATH=/opt/ros/humble /usr/bin/cmake /home/prathamesh/robot_ws/src/robot_msg -DCMAKE_INSTALL_PREFIX=/home/prathamesh/robot_ws/install/robot_msg
[0.070s] -- The C compiler identification is GNU 11.4.0
[0.148s] -- The CXX compiler identification is GNU 11.4.0
[0.155s] -- Detecting C compiler ABI info
[0.238s] -- Detecting C compiler ABI info - done
[0.258s] -- Check for working C compiler: /usr/bin/cc - skipped
[0.259s] -- Detecting C compile features
[0.264s] -- Detecting C compile features - done
[0.275s] -- Detecting CXX compiler ABI info
[0.355s] -- Detecting CXX compiler ABI info - done
[0.362s] -- Check for working CXX compiler: /usr/bin/c++ - skipped
[0.362s] -- Detecting CXX compile features
[0.363s] -- Detecting CXX compile features - done
[0.367s] -- Found ament_cmake: 1.3.11 (/opt/ros/humble/share/ament_cmake/cmake)
[0.525s] -- Found Python3: /usr/bin/python3 (found version "3.10.12") found components: Interpreter 
[0.644s] -- Found ament_lint_auto: 0.12.11 (/opt/ros/humble/share/ament_lint_auto/cmake)
[0.725s] -- Added test 'lint_cmake' to check CMake code style
[0.726s] -- Added test 'xmllint' to check XML markup files
[0.726s] -- Configuring done
[0.729s] -- Generating done
[0.730s] -- Build files have been written to: /home/prathamesh/robot_ws/build/robot_msg
[0.734s] Invoked command in '/home/prathamesh/robot_ws/build/robot_msg' returned '0': CMAKE_PREFIX_PATH=/opt/ros/humble /usr/bin/cmake /home/prathamesh/robot_ws/src/robot_msg -DCMAKE_INSTALL_PREFIX=/home/prathamesh/robot_ws/install/robot_msg
[0.737s] Invoking command in '/home/prathamesh/robot_ws/build/robot_msg': CMAKE_PREFIX_PATH=/opt/ros/humble /usr/bin/cmake --build /home/prathamesh/robot_ws/build/robot_msg -- -j8 -l8
[0.775s] Invoked command in '/home/prathamesh/robot_ws/build/robot_msg' returned '0': CMAKE_PREFIX_PATH=/opt/ros/humble /usr/bin/cmake --build /home/prathamesh/robot_ws/build/robot_msg -- -j8 -l8
[0.776s] Invoking command in '/home/prathamesh/robot_ws/build/robot_msg': CMAKE_PREFIX_PATH=/opt/ros/humble /usr/bin/cmake --install /home/prathamesh/robot_ws/build/robot_msg
[0.783s] -- Install configuration: ""
[0.783s] -- Installing: /home/prathamesh/robot_ws/install/robot_msg/share/ament_index/resource_index/package_run_dependencies/robot_msg
[0.783s] -- Installing: /home/prathamesh/robot_ws/install/robot_msg/share/ament_index/resource_index/parent_prefix_path/robot_msg
[0.784s] -- Installing: /home/prathamesh/robot_ws/install/robot_msg/share/robot_msg/environment/ament_prefix_path.sh
[0.784s] -- Installing: /home/prathamesh/robot_ws/install/robot_msg/share/robot_msg/environment/ament_prefix_path.dsv
[0.784s] -- Installing: /home/prathamesh/robot_ws/install/robot_msg/share/robot_msg/environment/path.sh
[0.784s] -- Installing: /home/prathamesh/robot_ws/install/robot_msg/share/robot_msg/environment/path.dsv
[0.784s] -- Installing: /home/prathamesh/robot_ws/install/robot_msg/share/robot_msg/local_setup.bash
[0.784s] -- Installing: /home/prathamesh/robot_ws/install/robot_msg/share/robot_msg/local_setup.sh
[0.784s] -- Installing: /home/prathamesh/robot_ws/install/robot_msg/share/robot_msg/local_setup.zsh
[0.784s] -- Installing: /home/prathamesh/robot_ws/install/robot_msg/share/robot_msg/local_setup.dsv
[0.784s] -- Installing: /home/prathamesh/robot_ws/install/robot_msg/share/robot_msg/package.dsv
[0.784s] -- Installing: /home/prathamesh/robot_ws/install/robot_msg/share/ament_index/resource_index/packages/robot_msg
[0.785s] -- Installing: /home/prathamesh/robot_ws/install/robot_msg/share/robot_msg/cmake/robot_msgConfig.cmake
[0.785s] -- Installing: /home/prathamesh/robot_ws/install/robot_msg/share/robot_msg/cmake/robot_msgConfig-version.cmake
[0.785s] -- Installing: /home/prathamesh/robot_ws/install/robot_msg/share/robot_msg/package.xml
[0.788s] Invoked command in '/home/prathamesh/robot_ws/build/robot_msg' returned '0': CMAKE_PREFIX_PATH=/opt/ros/humble /usr/bin/cmake --install /home/prathamesh/robot_ws/build/robot_msg
