[0.130s] DEBUG:colcon:Command line arguments: ['/usr/bin/colcon', 'build']
[0.130s] DEBUG:colcon:Parsed command line arguments: Namespace(log_base=None, log_level=None, verb_name='build', build_base='build', install_base='install', merge_install=False, symlink_install=False, test_result_base=None, continue_on_error=False, executor='parallel', parallel_workers=8, event_handlers=None, ignore_user_meta=False, metas=['./colcon.meta'], base_paths=['.'], packages_ignore=None, packages_ignore_regex=None, paths=None, packages_up_to=None, packages_up_to_regex=None, packages_above=None, packages_above_and_dependencies=None, packages_above_depth=None, packages_select_by_dep=None, packages_skip_by_dep=None, packages_skip_up_to=None, packages_select_build_failed=False, packages_skip_build_finished=False, packages_select_test_failures=False, packages_skip_test_passed=False, packages_select=None, packages_skip=None, packages_select_regex=None, packages_skip_regex=None, packages_start=None, packages_end=None, allow_overriding=[], cmake_args=None, cmake_target=None, cmake_target_skip_unavailable=False, cmake_clean_cache=False, cmake_clean_first=False, cmake_force_configure=False, ament_cmake_args=None, catkin_cmake_args=None, catkin_skip_building_tests=False, mixin_files=None, mixin=None, verb_parser=<colcon_mixin.mixin.mixin_argument.MixinArgumentDecorator object at 0x7e8bb8c5a680>, verb_extension=<colcon_core.verb.build.BuildVerb object at 0x7e8bb8d6b610>, main=<bound method BuildVerb.main of <colcon_core.verb.build.BuildVerb object at 0x7e8bb8d6b610>>, mixin_verb=('build',))
[0.364s] Level 1:colcon.colcon_core.package_discovery:discover_packages(colcon_meta) check parameters
[0.364s] Level 1:colcon.colcon_core.package_discovery:discover_packages(recursive) check parameters
[0.364s] Level 1:colcon.colcon_core.package_discovery:discover_packages(ignore) check parameters
[0.364s] Level 1:colcon.colcon_core.package_discovery:discover_packages(path) check parameters
[0.364s] Level 1:colcon.colcon_core.package_discovery:discover_packages(colcon_meta) discover
[0.364s] Level 1:colcon.colcon_core.package_discovery:discover_packages(recursive) discover
[0.364s] INFO:colcon.colcon_core.package_discovery:Crawling recursively for packages in '/home/prathamesh/robot_ws'
[0.364s] Level 1:colcon.colcon_core.package_identification:_identify(.) by extensions ['ignore', 'ignore_ament_install']
[0.364s] Level 1:colcon.colcon_core.package_identification:_identify(.) by extension 'ignore'
[0.364s] Level 1:colcon.colcon_core.package_identification:_identify(.) by extension 'ignore_ament_install'
[0.364s] Level 1:colcon.colcon_core.package_identification:_identify(.) by extensions ['colcon_pkg']
[0.364s] Level 1:colcon.colcon_core.package_identification:_identify(.) by extension 'colcon_pkg'
[0.364s] Level 1:colcon.colcon_core.package_identification:_identify(.) by extensions ['colcon_meta']
[0.364s] Level 1:colcon.colcon_core.package_identification:_identify(.) by extension 'colcon_meta'
[0.364s] Level 1:colcon.colcon_core.package_identification:_identify(.) by extensions ['ros']
[0.364s] Level 1:colcon.colcon_core.package_identification:_identify(.) by extension 'ros'
[0.375s] Level 1:colcon.colcon_core.package_identification:_identify(.) by extensions ['cmake', 'python']
[0.376s] Level 1:colcon.colcon_core.package_identification:_identify(.) by extension 'cmake'
[0.376s] Level 1:colcon.colcon_core.package_identification:_identify(.) by extension 'python'
[0.376s] Level 1:colcon.colcon_core.package_identification:_identify(.) by extensions ['python_setup_py']
[0.376s] Level 1:colcon.colcon_core.package_identification:_identify(.) by extension 'python_setup_py'
[0.376s] Level 1:colcon.colcon_core.package_identification:_identify(build) by extensions ['ignore', 'ignore_ament_install']
[0.376s] Level 1:colcon.colcon_core.package_identification:_identify(build) by extension 'ignore'
[0.376s] Level 1:colcon.colcon_core.package_identification:_identify(build) ignored
[0.376s] Level 1:colcon.colcon_core.package_identification:_identify(install) by extensions ['ignore', 'ignore_ament_install']
[0.376s] Level 1:colcon.colcon_core.package_identification:_identify(install) by extension 'ignore'
[0.376s] Level 1:colcon.colcon_core.package_identification:_identify(install) ignored
[0.376s] Level 1:colcon.colcon_core.package_identification:_identify(log) by extensions ['ignore', 'ignore_ament_install']
[0.376s] Level 1:colcon.colcon_core.package_identification:_identify(log) by extension 'ignore'
[0.376s] Level 1:colcon.colcon_core.package_identification:_identify(log) ignored
[0.376s] Level 1:colcon.colcon_core.package_identification:_identify(src) by extensions ['ignore', 'ignore_ament_install']
[0.376s] Level 1:colcon.colcon_core.package_identification:_identify(src) by extension 'ignore'
[0.377s] Level 1:colcon.colcon_core.package_identification:_identify(src) by extension 'ignore_ament_install'
[0.377s] Level 1:colcon.colcon_core.package_identification:_identify(src) by extensions ['colcon_pkg']
[0.377s] Level 1:colcon.colcon_core.package_identification:_identify(src) by extension 'colcon_pkg'
[0.377s] Level 1:colcon.colcon_core.package_identification:_identify(src) by extensions ['colcon_meta']
[0.377s] Level 1:colcon.colcon_core.package_identification:_identify(src) by extension 'colcon_meta'
[0.377s] Level 1:colcon.colcon_core.package_identification:_identify(src) by extensions ['ros']
[0.377s] Level 1:colcon.colcon_core.package_identification:_identify(src) by extension 'ros'
[0.377s] Level 1:colcon.colcon_core.package_identification:_identify(src) by extensions ['cmake', 'python']
[0.377s] Level 1:colcon.colcon_core.package_identification:_identify(src) by extension 'cmake'
[0.377s] Level 1:colcon.colcon_core.package_identification:_identify(src) by extension 'python'
[0.377s] Level 1:colcon.colcon_core.package_identification:_identify(src) by extensions ['python_setup_py']
[0.377s] Level 1:colcon.colcon_core.package_identification:_identify(src) by extension 'python_setup_py'
[0.377s] Level 1:colcon.colcon_core.package_identification:_identify(src/robot_bringup) by extensions ['ignore', 'ignore_ament_install']
[0.377s] Level 1:colcon.colcon_core.package_identification:_identify(src/robot_bringup) by extension 'ignore'
[0.377s] Level 1:colcon.colcon_core.package_identification:_identify(src/robot_bringup) by extension 'ignore_ament_install'
[0.377s] Level 1:colcon.colcon_core.package_identification:_identify(src/robot_bringup) by extensions ['colcon_pkg']
[0.377s] Level 1:colcon.colcon_core.package_identification:_identify(src/robot_bringup) by extension 'colcon_pkg'
[0.377s] Level 1:colcon.colcon_core.package_identification:_identify(src/robot_bringup) by extensions ['colcon_meta']
[0.377s] Level 1:colcon.colcon_core.package_identification:_identify(src/robot_bringup) by extension 'colcon_meta'
[0.377s] Level 1:colcon.colcon_core.package_identification:_identify(src/robot_bringup) by extensions ['ros']
[0.377s] Level 1:colcon.colcon_core.package_identification:_identify(src/robot_bringup) by extension 'ros'
[0.385s] DEBUG:colcon.colcon_core.package_identification:Package 'src/robot_bringup' with type 'ros.ament_cmake' and name 'robot_bringup'
[0.385s] Level 1:colcon.colcon_core.package_identification:_identify(src/robot_msg) by extensions ['ignore', 'ignore_ament_install']
[0.385s] Level 1:colcon.colcon_core.package_identification:_identify(src/robot_msg) by extension 'ignore'
[0.385s] Level 1:colcon.colcon_core.package_identification:_identify(src/robot_msg) by extension 'ignore_ament_install'
[0.385s] Level 1:colcon.colcon_core.package_identification:_identify(src/robot_msg) by extensions ['colcon_pkg']
[0.385s] Level 1:colcon.colcon_core.package_identification:_identify(src/robot_msg) by extension 'colcon_pkg'
[0.385s] Level 1:colcon.colcon_core.package_identification:_identify(src/robot_msg) by extensions ['colcon_meta']
[0.385s] Level 1:colcon.colcon_core.package_identification:_identify(src/robot_msg) by extension 'colcon_meta'
[0.385s] Level 1:colcon.colcon_core.package_identification:_identify(src/robot_msg) by extensions ['ros']
[0.385s] Level 1:colcon.colcon_core.package_identification:_identify(src/robot_msg) by extension 'ros'
[0.386s] DEBUG:colcon.colcon_core.package_identification:Package 'src/robot_msg' with type 'ros.ament_cmake' and name 'robot_msg'
[0.386s] Level 1:colcon.colcon_core.package_discovery:discover_packages(recursive) using defaults
[0.386s] Level 1:colcon.colcon_core.package_discovery:discover_packages(ignore) discover
[0.386s] Level 1:colcon.colcon_core.package_discovery:discover_packages(ignore) using defaults
[0.386s] Level 1:colcon.colcon_core.package_discovery:discover_packages(path) discover
[0.386s] Level 1:colcon.colcon_core.package_discovery:discover_packages(path) using defaults
[0.420s] Level 1:colcon.colcon_core.package_discovery:discover_packages(prefix_path) check parameters
[0.420s] Level 1:colcon.colcon_core.package_discovery:discover_packages(prefix_path) discover
[0.423s] DEBUG:colcon.colcon_installed_package_information.package_discovery:Found 427 installed packages in /opt/ros/humble
[0.425s] Level 1:colcon.colcon_core.package_discovery:discover_packages(prefix_path) using defaults
[0.514s] Level 5:colcon.colcon_core.verb:set package 'robot_bringup' build argument 'cmake_args' from command line to 'None'
[0.514s] Level 5:colcon.colcon_core.verb:set package 'robot_bringup' build argument 'cmake_target' from command line to 'None'
[0.514s] Level 5:colcon.colcon_core.verb:set package 'robot_bringup' build argument 'cmake_target_skip_unavailable' from command line to 'False'
[0.514s] Level 5:colcon.colcon_core.verb:set package 'robot_bringup' build argument 'cmake_clean_cache' from command line to 'False'
[0.514s] Level 5:colcon.colcon_core.verb:set package 'robot_bringup' build argument 'cmake_clean_first' from command line to 'False'
[0.514s] Level 5:colcon.colcon_core.verb:set package 'robot_bringup' build argument 'cmake_force_configure' from command line to 'False'
[0.514s] Level 5:colcon.colcon_core.verb:set package 'robot_bringup' build argument 'ament_cmake_args' from command line to 'None'
[0.514s] Level 5:colcon.colcon_core.verb:set package 'robot_bringup' build argument 'catkin_cmake_args' from command line to 'None'
[0.514s] Level 5:colcon.colcon_core.verb:set package 'robot_bringup' build argument 'catkin_skip_building_tests' from command line to 'False'
[0.514s] DEBUG:colcon.colcon_core.verb:Building package 'robot_bringup' with the following arguments: {'ament_cmake_args': None, 'build_base': '/home/prathamesh/robot_ws/build/robot_bringup', 'catkin_cmake_args': None, 'catkin_skip_building_tests': False, 'cmake_args': None, 'cmake_clean_cache': False, 'cmake_clean_first': False, 'cmake_force_configure': False, 'cmake_target': None, 'cmake_target_skip_unavailable': False, 'install_base': '/home/prathamesh/robot_ws/install/robot_bringup', 'merge_install': False, 'path': '/home/prathamesh/robot_ws/src/robot_bringup', 'symlink_install': False, 'test_result_base': None}
[0.515s] Level 5:colcon.colcon_core.verb:set package 'robot_msg' build argument 'cmake_args' from command line to 'None'
[0.515s] Level 5:colcon.colcon_core.verb:set package 'robot_msg' build argument 'cmake_target' from command line to 'None'
[0.515s] Level 5:colcon.colcon_core.verb:set package 'robot_msg' build argument 'cmake_target_skip_unavailable' from command line to 'False'
[0.515s] Level 5:colcon.colcon_core.verb:set package 'robot_msg' build argument 'cmake_clean_cache' from command line to 'False'
[0.515s] Level 5:colcon.colcon_core.verb:set package 'robot_msg' build argument 'cmake_clean_first' from command line to 'False'
[0.515s] Level 5:colcon.colcon_core.verb:set package 'robot_msg' build argument 'cmake_force_configure' from command line to 'False'
[0.515s] Level 5:colcon.colcon_core.verb:set package 'robot_msg' build argument 'ament_cmake_args' from command line to 'None'
[0.515s] Level 5:colcon.colcon_core.verb:set package 'robot_msg' build argument 'catkin_cmake_args' from command line to 'None'
[0.515s] Level 5:colcon.colcon_core.verb:set package 'robot_msg' build argument 'catkin_skip_building_tests' from command line to 'False'
[0.515s] DEBUG:colcon.colcon_core.verb:Building package 'robot_msg' with the following arguments: {'ament_cmake_args': None, 'build_base': '/home/prathamesh/robot_ws/build/robot_msg', 'catkin_cmake_args': None, 'catkin_skip_building_tests': False, 'cmake_args': None, 'cmake_clean_cache': False, 'cmake_clean_first': False, 'cmake_force_configure': False, 'cmake_target': None, 'cmake_target_skip_unavailable': False, 'install_base': '/home/prathamesh/robot_ws/install/robot_msg', 'merge_install': False, 'path': '/home/prathamesh/robot_ws/src/robot_msg', 'symlink_install': False, 'test_result_base': None}
[0.515s] INFO:colcon.colcon_core.executor:Executing jobs using 'parallel' executor
[0.516s] DEBUG:colcon.colcon_parallel_executor.executor.parallel:run_until_complete
[0.516s] INFO:colcon.colcon_ros.task.ament_cmake.build:Building ROS package in '/home/prathamesh/robot_ws/src/robot_bringup' with build type 'ament_cmake'
[0.516s] INFO:colcon.colcon_cmake.task.cmake.build:Building CMake package in '/home/prathamesh/robot_ws/src/robot_bringup'
[0.519s] INFO:colcon.colcon_core.plugin_system:Skipping extension 'colcon_core.shell.bat': Not used on non-Windows systems
[0.519s] INFO:colcon.colcon_core.shell:Skip shell extension 'powershell' for command environment: Not usable outside of PowerShell
[0.519s] DEBUG:colcon.colcon_core.shell:Skip shell extension 'dsv' for command environment
[0.522s] INFO:colcon.colcon_ros.task.ament_cmake.build:Building ROS package in '/home/prathamesh/robot_ws/src/robot_msg' with build type 'ament_cmake'
[0.522s] INFO:colcon.colcon_cmake.task.cmake.build:Building CMake package in '/home/prathamesh/robot_ws/src/robot_msg'
[0.524s] INFO:colcon.colcon_core.shell:Skip shell extension 'powershell' for command environment: Not usable outside of PowerShell
[0.524s] DEBUG:colcon.colcon_core.shell:Skip shell extension 'dsv' for command environment
[0.531s] DEBUG:colcon.colcon_core.event_handler.log_command:Invoking command in '/home/prathamesh/robot_ws/build/robot_bringup': CMAKE_PREFIX_PATH=/opt/ros/humble /usr/bin/cmake --build /home/prathamesh/robot_ws/build/robot_bringup -- -j8 -l8
[0.534s] DEBUG:colcon.colcon_core.event_handler.log_command:Invoking command in '/home/prathamesh/robot_ws/build/robot_msg': CMAKE_PREFIX_PATH=/opt/ros/humble /usr/bin/cmake /home/prathamesh/robot_ws/src/robot_msg -DCMAKE_INSTALL_PREFIX=/home/prathamesh/robot_ws/install/robot_msg
[0.576s] DEBUG:colcon.colcon_core.event_handler.log_command:Invoked command in '/home/prathamesh/robot_ws/build/robot_bringup' returned '0': CMAKE_PREFIX_PATH=/opt/ros/humble /usr/bin/cmake --build /home/prathamesh/robot_ws/build/robot_bringup -- -j8 -l8
[0.588s] DEBUG:colcon.colcon_core.event_handler.log_command:Invoking command in '/home/prathamesh/robot_ws/build/robot_bringup': CMAKE_PREFIX_PATH=/opt/ros/humble /usr/bin/cmake --install /home/prathamesh/robot_ws/build/robot_bringup
[0.598s] Level 1:colcon.colcon_core.environment:create_environment_scripts_only(robot_bringup)
[0.599s] DEBUG:colcon.colcon_core.event_handler.log_command:Invoked command in '/home/prathamesh/robot_ws/build/robot_bringup' returned '0': CMAKE_PREFIX_PATH=/opt/ros/humble /usr/bin/cmake --install /home/prathamesh/robot_ws/build/robot_bringup
[0.602s] Level 1:colcon.colcon_core.environment:checking '/home/prathamesh/robot_ws/install/robot_bringup' for CMake module files
[0.603s] Level 1:colcon.colcon_core.environment:checking '/home/prathamesh/robot_ws/install/robot_bringup' for CMake config files
[0.603s] Level 1:colcon.colcon_core.shell:create_environment_hook('robot_bringup', 'cmake_prefix_path')
[0.603s] INFO:colcon.colcon_core.shell:Creating environment hook '/home/prathamesh/robot_ws/install/robot_bringup/share/robot_bringup/hook/cmake_prefix_path.ps1'
[0.604s] INFO:colcon.colcon_core.shell:Creating environment descriptor '/home/prathamesh/robot_ws/install/robot_bringup/share/robot_bringup/hook/cmake_prefix_path.dsv'
[0.604s] INFO:colcon.colcon_core.shell:Creating environment hook '/home/prathamesh/robot_ws/install/robot_bringup/share/robot_bringup/hook/cmake_prefix_path.sh'
[0.605s] Level 1:colcon.colcon_core.environment:checking '/home/prathamesh/robot_ws/install/robot_bringup/bin'
[0.605s] Level 1:colcon.colcon_core.environment:checking '/home/prathamesh/robot_ws/install/robot_bringup/lib/pkgconfig/robot_bringup.pc'
[0.605s] Level 1:colcon.colcon_core.environment:checking '/home/prathamesh/robot_ws/install/robot_bringup/lib/python3.10/site-packages'
[0.605s] Level 1:colcon.colcon_core.environment:checking '/home/prathamesh/robot_ws/install/robot_bringup/bin'
[0.606s] INFO:colcon.colcon_core.shell:Creating package script '/home/prathamesh/robot_ws/install/robot_bringup/share/robot_bringup/package.ps1'
[0.608s] INFO:colcon.colcon_core.shell:Creating package descriptor '/home/prathamesh/robot_ws/install/robot_bringup/share/robot_bringup/package.dsv'
[0.609s] INFO:colcon.colcon_core.shell:Creating package script '/home/prathamesh/robot_ws/install/robot_bringup/share/robot_bringup/package.sh'
[0.610s] INFO:colcon.colcon_core.shell:Creating package script '/home/prathamesh/robot_ws/install/robot_bringup/share/robot_bringup/package.bash'
[0.610s] INFO:colcon.colcon_core.shell:Creating package script '/home/prathamesh/robot_ws/install/robot_bringup/share/robot_bringup/package.zsh'
[0.611s] Level 1:colcon.colcon_core.environment:create_file_with_runtime_dependencies(/home/prathamesh/robot_ws/install/robot_bringup/share/colcon-core/packages/robot_bringup)
[0.611s] Level 1:colcon.colcon_core.environment:create_environment_scripts_only(robot_bringup)
[0.612s] Level 1:colcon.colcon_core.environment:checking '/home/prathamesh/robot_ws/install/robot_bringup' for CMake module files
[0.612s] Level 1:colcon.colcon_core.environment:checking '/home/prathamesh/robot_ws/install/robot_bringup' for CMake config files
[0.612s] Level 1:colcon.colcon_core.shell:create_environment_hook('robot_bringup', 'cmake_prefix_path')
[0.612s] INFO:colcon.colcon_core.shell:Creating environment hook '/home/prathamesh/robot_ws/install/robot_bringup/share/robot_bringup/hook/cmake_prefix_path.ps1'
[0.613s] INFO:colcon.colcon_core.shell:Creating environment descriptor '/home/prathamesh/robot_ws/install/robot_bringup/share/robot_bringup/hook/cmake_prefix_path.dsv'
[0.613s] INFO:colcon.colcon_core.shell:Creating environment hook '/home/prathamesh/robot_ws/install/robot_bringup/share/robot_bringup/hook/cmake_prefix_path.sh'
[0.613s] Level 1:colcon.colcon_core.environment:checking '/home/prathamesh/robot_ws/install/robot_bringup/bin'
[0.613s] Level 1:colcon.colcon_core.environment:checking '/home/prathamesh/robot_ws/install/robot_bringup/lib/pkgconfig/robot_bringup.pc'
[0.614s] Level 1:colcon.colcon_core.environment:checking '/home/prathamesh/robot_ws/install/robot_bringup/lib/python3.10/site-packages'
[0.614s] Level 1:colcon.colcon_core.environment:checking '/home/prathamesh/robot_ws/install/robot_bringup/bin'
[0.614s] INFO:colcon.colcon_core.shell:Creating package script '/home/prathamesh/robot_ws/install/robot_bringup/share/robot_bringup/package.ps1'
[0.615s] INFO:colcon.colcon_core.shell:Creating package descriptor '/home/prathamesh/robot_ws/install/robot_bringup/share/robot_bringup/package.dsv'
[0.615s] INFO:colcon.colcon_core.shell:Creating package script '/home/prathamesh/robot_ws/install/robot_bringup/share/robot_bringup/package.sh'
[0.615s] INFO:colcon.colcon_core.shell:Creating package script '/home/prathamesh/robot_ws/install/robot_bringup/share/robot_bringup/package.bash'
[0.616s] INFO:colcon.colcon_core.shell:Creating package script '/home/prathamesh/robot_ws/install/robot_bringup/share/robot_bringup/package.zsh'
[0.616s] Level 1:colcon.colcon_core.environment:create_file_with_runtime_dependencies(/home/prathamesh/robot_ws/install/robot_bringup/share/colcon-core/packages/robot_bringup)
[1.258s] DEBUG:colcon.colcon_core.event_handler.log_command:Invoked command in '/home/prathamesh/robot_ws/build/robot_msg' returned '0': CMAKE_PREFIX_PATH=/opt/ros/humble /usr/bin/cmake /home/prathamesh/robot_ws/src/robot_msg -DCMAKE_INSTALL_PREFIX=/home/prathamesh/robot_ws/install/robot_msg
[1.263s] DEBUG:colcon.colcon_core.event_handler.log_command:Invoking command in '/home/prathamesh/robot_ws/build/robot_msg': CMAKE_PREFIX_PATH=/opt/ros/humble /usr/bin/cmake --build /home/prathamesh/robot_ws/build/robot_msg -- -j8 -l8
[1.300s] DEBUG:colcon.colcon_core.event_handler.log_command:Invoked command in '/home/prathamesh/robot_ws/build/robot_msg' returned '0': CMAKE_PREFIX_PATH=/opt/ros/humble /usr/bin/cmake --build /home/prathamesh/robot_ws/build/robot_msg -- -j8 -l8
[1.301s] DEBUG:colcon.colcon_core.event_handler.log_command:Invoking command in '/home/prathamesh/robot_ws/build/robot_msg': CMAKE_PREFIX_PATH=/opt/ros/humble /usr/bin/cmake --install /home/prathamesh/robot_ws/build/robot_msg
[1.311s] Level 1:colcon.colcon_core.environment:create_environment_scripts_only(robot_msg)
[1.312s] Level 1:colcon.colcon_core.environment:checking '/home/prathamesh/robot_ws/install/robot_msg' for CMake module files
[1.312s] DEBUG:colcon.colcon_core.event_handler.log_command:Invoked command in '/home/prathamesh/robot_ws/build/robot_msg' returned '0': CMAKE_PREFIX_PATH=/opt/ros/humble /usr/bin/cmake --install /home/prathamesh/robot_ws/build/robot_msg
[1.312s] Level 1:colcon.colcon_core.environment:checking '/home/prathamesh/robot_ws/install/robot_msg' for CMake config files
[1.313s] Level 1:colcon.colcon_core.shell:create_environment_hook('robot_msg', 'cmake_prefix_path')
[1.313s] INFO:colcon.colcon_core.shell:Creating environment hook '/home/prathamesh/robot_ws/install/robot_msg/share/robot_msg/hook/cmake_prefix_path.ps1'
[1.313s] INFO:colcon.colcon_core.shell:Creating environment descriptor '/home/prathamesh/robot_ws/install/robot_msg/share/robot_msg/hook/cmake_prefix_path.dsv'
[1.314s] INFO:colcon.colcon_core.shell:Creating environment hook '/home/prathamesh/robot_ws/install/robot_msg/share/robot_msg/hook/cmake_prefix_path.sh'
[1.314s] Level 1:colcon.colcon_core.environment:checking '/home/prathamesh/robot_ws/install/robot_msg/bin'
[1.314s] Level 1:colcon.colcon_core.environment:checking '/home/prathamesh/robot_ws/install/robot_msg/lib/pkgconfig/robot_msg.pc'
[1.314s] Level 1:colcon.colcon_core.environment:checking '/home/prathamesh/robot_ws/install/robot_msg/lib/python3.10/site-packages'
[1.314s] Level 1:colcon.colcon_core.environment:checking '/home/prathamesh/robot_ws/install/robot_msg/bin'
[1.315s] INFO:colcon.colcon_core.shell:Creating package script '/home/prathamesh/robot_ws/install/robot_msg/share/robot_msg/package.ps1'
[1.315s] INFO:colcon.colcon_core.shell:Creating package descriptor '/home/prathamesh/robot_ws/install/robot_msg/share/robot_msg/package.dsv'
[1.315s] INFO:colcon.colcon_core.shell:Creating package script '/home/prathamesh/robot_ws/install/robot_msg/share/robot_msg/package.sh'
[1.316s] INFO:colcon.colcon_core.shell:Creating package script '/home/prathamesh/robot_ws/install/robot_msg/share/robot_msg/package.bash'
[1.316s] INFO:colcon.colcon_core.shell:Creating package script '/home/prathamesh/robot_ws/install/robot_msg/share/robot_msg/package.zsh'
[1.316s] Level 1:colcon.colcon_core.environment:create_file_with_runtime_dependencies(/home/prathamesh/robot_ws/install/robot_msg/share/colcon-core/packages/robot_msg)
[1.317s] Level 1:colcon.colcon_core.environment:create_environment_scripts_only(robot_msg)
[1.317s] Level 1:colcon.colcon_core.environment:checking '/home/prathamesh/robot_ws/install/robot_msg' for CMake module files
[1.318s] Level 1:colcon.colcon_core.environment:checking '/home/prathamesh/robot_ws/install/robot_msg' for CMake config files
[1.318s] Level 1:colcon.colcon_core.shell:create_environment_hook('robot_msg', 'cmake_prefix_path')
[1.318s] INFO:colcon.colcon_core.shell:Creating environment hook '/home/prathamesh/robot_ws/install/robot_msg/share/robot_msg/hook/cmake_prefix_path.ps1'
[1.318s] INFO:colcon.colcon_core.shell:Creating environment descriptor '/home/prathamesh/robot_ws/install/robot_msg/share/robot_msg/hook/cmake_prefix_path.dsv'
[1.319s] INFO:colcon.colcon_core.shell:Creating environment hook '/home/prathamesh/robot_ws/install/robot_msg/share/robot_msg/hook/cmake_prefix_path.sh'
[1.319s] Level 1:colcon.colcon_core.environment:checking '/home/prathamesh/robot_ws/install/robot_msg/bin'
[1.319s] Level 1:colcon.colcon_core.environment:checking '/home/prathamesh/robot_ws/install/robot_msg/lib/pkgconfig/robot_msg.pc'
[1.319s] Level 1:colcon.colcon_core.environment:checking '/home/prathamesh/robot_ws/install/robot_msg/lib/python3.10/site-packages'
[1.319s] Level 1:colcon.colcon_core.environment:checking '/home/prathamesh/robot_ws/install/robot_msg/bin'
[1.320s] INFO:colcon.colcon_core.shell:Creating package script '/home/prathamesh/robot_ws/install/robot_msg/share/robot_msg/package.ps1'
[1.321s] INFO:colcon.colcon_core.shell:Creating package descriptor '/home/prathamesh/robot_ws/install/robot_msg/share/robot_msg/package.dsv'
[1.321s] INFO:colcon.colcon_core.shell:Creating package script '/home/prathamesh/robot_ws/install/robot_msg/share/robot_msg/package.sh'
[1.322s] INFO:colcon.colcon_core.shell:Creating package script '/home/prathamesh/robot_ws/install/robot_msg/share/robot_msg/package.bash'
[1.322s] INFO:colcon.colcon_core.shell:Creating package script '/home/prathamesh/robot_ws/install/robot_msg/share/robot_msg/package.zsh'
[1.322s] Level 1:colcon.colcon_core.environment:create_file_with_runtime_dependencies(/home/prathamesh/robot_ws/install/robot_msg/share/colcon-core/packages/robot_msg)
[1.323s] DEBUG:colcon.colcon_parallel_executor.executor.parallel:closing loop
[1.323s] DEBUG:colcon.colcon_parallel_executor.executor.parallel:loop closed
[1.323s] DEBUG:colcon.colcon_parallel_executor.executor.parallel:run_until_complete finished with '0'
[1.323s] DEBUG:colcon.colcon_core.event_reactor:joining thread
[1.328s] INFO:colcon.colcon_core.plugin_system:Skipping extension 'colcon_notification.desktop_notification.terminal_notifier': Not used on non-Darwin systems
[1.329s] INFO:colcon.colcon_core.plugin_system:Skipping extension 'colcon_notification.desktop_notification.win32': Not used on non-Windows systems
[1.329s] INFO:colcon.colcon_notification.desktop_notification:Sending desktop notification using 'notify2'
[1.348s] DEBUG:colcon.colcon_core.event_reactor:joined thread
[1.351s] INFO:colcon.colcon_core.shell:Creating prefix script '/home/prathamesh/robot_ws/install/local_setup.ps1'
[1.361s] INFO:colcon.colcon_core.shell:Creating prefix util module '/home/prathamesh/robot_ws/install/_local_setup_util_ps1.py'
[1.366s] INFO:colcon.colcon_core.shell:Creating prefix chain script '/home/prathamesh/robot_ws/install/setup.ps1'
[1.367s] INFO:colcon.colcon_core.shell:Creating prefix script '/home/prathamesh/robot_ws/install/local_setup.sh'
[1.368s] INFO:colcon.colcon_core.shell:Creating prefix util module '/home/prathamesh/robot_ws/install/_local_setup_util_sh.py'
[1.369s] INFO:colcon.colcon_core.shell:Creating prefix chain script '/home/prathamesh/robot_ws/install/setup.sh'
[1.370s] INFO:colcon.colcon_core.shell:Creating prefix script '/home/prathamesh/robot_ws/install/local_setup.bash'
[1.371s] INFO:colcon.colcon_core.shell:Creating prefix chain script '/home/prathamesh/robot_ws/install/setup.bash'
[1.372s] INFO:colcon.colcon_core.shell:Creating prefix script '/home/prathamesh/robot_ws/install/local_setup.zsh'
[1.372s] INFO:colcon.colcon_core.shell:Creating prefix chain script '/home/prathamesh/robot_ws/install/setup.zsh'
