[0.013s] Invoking command in '/home/prathamesh/robot_ws/build/robot_bringup': CMAKE_PREFIX_PATH=/opt/ros/humble /usr/bin/cmake --build /home/prathamesh/robot_ws/build/robot_bringup -- -j8 -l8
[0.059s] Invoked command in '/home/prathamesh/robot_ws/build/robot_bringup' returned '0': CMAKE_PREFIX_PATH=/opt/ros/humble /usr/bin/cmake --build /home/prathamesh/robot_ws/build/robot_bringup -- -j8 -l8
[0.070s] Invoking command in '/home/prathamesh/robot_ws/build/robot_bringup': CMAKE_PREFIX_PATH=/opt/ros/humble /usr/bin/cmake --install /home/prathamesh/robot_ws/build/robot_bringup
[0.079s] -- Install configuration: ""
[0.079s] -- Up-to-date: /home/prathamesh/robot_ws/install/robot_bringup/share/ament_index/resource_index/package_run_dependencies/robot_bringup
[0.079s] -- Up-to-date: /home/prathamesh/robot_ws/install/robot_bringup/share/ament_index/resource_index/parent_prefix_path/robot_bringup
[0.079s] -- Up-to-date: /home/prathamesh/robot_ws/install/robot_bringup/share/robot_bringup/environment/ament_prefix_path.sh
[0.079s] -- Up-to-date: /home/prathamesh/robot_ws/install/robot_bringup/share/robot_bringup/environment/ament_prefix_path.dsv
[0.079s] -- Up-to-date: /home/prathamesh/robot_ws/install/robot_bringup/share/robot_bringup/environment/path.sh
[0.079s] -- Up-to-date: /home/prathamesh/robot_ws/install/robot_bringup/share/robot_bringup/environment/path.dsv
[0.079s] -- Up-to-date: /home/prathamesh/robot_ws/install/robot_bringup/share/robot_bringup/local_setup.bash
[0.080s] -- Up-to-date: /home/prathamesh/robot_ws/install/robot_bringup/share/robot_bringup/local_setup.sh
[0.080s] -- Up-to-date: /home/prathamesh/robot_ws/install/robot_bringup/share/robot_bringup/local_setup.zsh
[0.080s] -- Up-to-date: /home/prathamesh/robot_ws/install/robot_bringup/share/robot_bringup/local_setup.dsv
[0.080s] -- Up-to-date: /home/prathamesh/robot_ws/install/robot_bringup/share/robot_bringup/package.dsv
[0.080s] -- Up-to-date: /home/prathamesh/robot_ws/install/robot_bringup/share/ament_index/resource_index/packages/robot_bringup
[0.080s] -- Up-to-date: /home/prathamesh/robot_ws/install/robot_bringup/share/robot_bringup/cmake/robot_bringupConfig.cmake
[0.080s] -- Up-to-date: /home/prathamesh/robot_ws/install/robot_bringup/share/robot_bringup/cmake/robot_bringupConfig-version.cmake
[0.080s] -- Up-to-date: /home/prathamesh/robot_ws/install/robot_bringup/share/robot_bringup/package.xml
[0.082s] Invoked command in '/home/prathamesh/robot_ws/build/robot_bringup' returned '0': CMAKE_PREFIX_PATH=/opt/ros/humble /usr/bin/cmake --install /home/prathamesh/robot_ws/build/robot_bringup
