[0.189s] DEBUG:colcon:Command line arguments: ['/usr/bin/colcon', 'build', '--symlink-install']
[0.189s] DEBUG:colcon:Parsed command line arguments: Namespace(log_base=None, log_level=None, verb_name='build', build_base='build', install_base='install', merge_install=False, symlink_install=True, test_result_base=None, continue_on_error=False, executor='parallel', parallel_workers=8, event_handlers=None, ignore_user_meta=False, metas=['./colcon.meta'], base_paths=['.'], packages_ignore=None, packages_ignore_regex=None, paths=None, packages_up_to=None, packages_up_to_regex=None, packages_above=None, packages_above_and_dependencies=None, packages_above_depth=None, packages_select_by_dep=None, packages_skip_by_dep=None, packages_skip_up_to=None, packages_select_build_failed=False, packages_skip_build_finished=False, packages_select_test_failures=False, packages_skip_test_passed=False, packages_select=None, packages_skip=None, packages_select_regex=None, packages_skip_regex=None, packages_start=None, packages_end=None, allow_overriding=[], cmake_args=None, cmake_target=None, cmake_target_skip_unavailable=False, cmake_clean_cache=False, cmake_clean_first=False, cmake_force_configure=False, ament_cmake_args=None, catkin_cmake_args=None, catkin_skip_building_tests=False, mixin_files=None, mixin=None, verb_parser=<colcon_mixin.mixin.mixin_argument.MixinArgumentDecorator object at 0x788593476680>, verb_extension=<colcon_core.verb.build.BuildVerb object at 0x788593587610>, main=<bound method BuildVerb.main of <colcon_core.verb.build.BuildVerb object at 0x788593587610>>, mixin_verb=('build',))
[0.483s] Level 1:colcon.colcon_core.package_discovery:discover_packages(colcon_meta) check parameters
[0.483s] Level 1:colcon.colcon_core.package_discovery:discover_packages(recursive) check parameters
[0.483s] Level 1:colcon.colcon_core.package_discovery:discover_packages(ignore) check parameters
[0.483s] Level 1:colcon.colcon_core.package_discovery:discover_packages(path) check parameters
[0.483s] Level 1:colcon.colcon_core.package_discovery:discover_packages(colcon_meta) discover
[0.483s] Level 1:colcon.colcon_core.package_discovery:discover_packages(recursive) discover
[0.483s] INFO:colcon.colcon_core.package_discovery:Crawling recursively for packages in '/home/prathamesh/robot_ws'
[0.483s] Level 1:colcon.colcon_core.package_identification:_identify(.) by extensions ['ignore', 'ignore_ament_install']
[0.483s] Level 1:colcon.colcon_core.package_identification:_identify(.) by extension 'ignore'
[0.483s] Level 1:colcon.colcon_core.package_identification:_identify(.) by extension 'ignore_ament_install'
[0.483s] Level 1:colcon.colcon_core.package_identification:_identify(.) by extensions ['colcon_pkg']
[0.483s] Level 1:colcon.colcon_core.package_identification:_identify(.) by extension 'colcon_pkg'
[0.484s] Level 1:colcon.colcon_core.package_identification:_identify(.) by extensions ['colcon_meta']
[0.484s] Level 1:colcon.colcon_core.package_identification:_identify(.) by extension 'colcon_meta'
[0.484s] Level 1:colcon.colcon_core.package_identification:_identify(.) by extensions ['ros']
[0.484s] Level 1:colcon.colcon_core.package_identification:_identify(.) by extension 'ros'
[0.504s] Level 1:colcon.colcon_core.package_identification:_identify(.) by extensions ['cmake', 'python']
[0.504s] Level 1:colcon.colcon_core.package_identification:_identify(.) by extension 'cmake'
[0.504s] Level 1:colcon.colcon_core.package_identification:_identify(.) by extension 'python'
[0.504s] Level 1:colcon.colcon_core.package_identification:_identify(.) by extensions ['python_setup_py']
[0.504s] Level 1:colcon.colcon_core.package_identification:_identify(.) by extension 'python_setup_py'
[0.504s] Level 1:colcon.colcon_core.package_identification:_identify(build) by extensions ['ignore', 'ignore_ament_install']
[0.504s] Level 1:colcon.colcon_core.package_identification:_identify(build) by extension 'ignore'
[0.504s] Level 1:colcon.colcon_core.package_identification:_identify(build) ignored
[0.505s] Level 1:colcon.colcon_core.package_identification:_identify(install) by extensions ['ignore', 'ignore_ament_install']
[0.505s] Level 1:colcon.colcon_core.package_identification:_identify(install) by extension 'ignore'
[0.505s] Level 1:colcon.colcon_core.package_identification:_identify(install) ignored
[0.505s] Level 1:colcon.colcon_core.package_identification:_identify(log) by extensions ['ignore', 'ignore_ament_install']
[0.505s] Level 1:colcon.colcon_core.package_identification:_identify(log) by extension 'ignore'
[0.505s] Level 1:colcon.colcon_core.package_identification:_identify(log) ignored
[0.505s] Level 1:colcon.colcon_core.package_identification:_identify(src) by extensions ['ignore', 'ignore_ament_install']
[0.505s] Level 1:colcon.colcon_core.package_identification:_identify(src) by extension 'ignore'
[0.505s] Level 1:colcon.colcon_core.package_identification:_identify(src) by extension 'ignore_ament_install'
[0.505s] Level 1:colcon.colcon_core.package_identification:_identify(src) by extensions ['colcon_pkg']
[0.505s] Level 1:colcon.colcon_core.package_identification:_identify(src) by extension 'colcon_pkg'
[0.506s] Level 1:colcon.colcon_core.package_identification:_identify(src) by extensions ['colcon_meta']
[0.506s] Level 1:colcon.colcon_core.package_identification:_identify(src) by extension 'colcon_meta'
[0.506s] Level 1:colcon.colcon_core.package_identification:_identify(src) by extensions ['ros']
[0.506s] Level 1:colcon.colcon_core.package_identification:_identify(src) by extension 'ros'
[0.506s] Level 1:colcon.colcon_core.package_identification:_identify(src) by extensions ['cmake', 'python']
[0.506s] Level 1:colcon.colcon_core.package_identification:_identify(src) by extension 'cmake'
[0.506s] Level 1:colcon.colcon_core.package_identification:_identify(src) by extension 'python'
[0.506s] Level 1:colcon.colcon_core.package_identification:_identify(src) by extensions ['python_setup_py']
[0.506s] Level 1:colcon.colcon_core.package_identification:_identify(src) by extension 'python_setup_py'
[0.506s] Level 1:colcon.colcon_core.package_identification:_identify(src/robot_bringup) by extensions ['ignore', 'ignore_ament_install']
[0.506s] Level 1:colcon.colcon_core.package_identification:_identify(src/robot_bringup) by extension 'ignore'
[0.506s] Level 1:colcon.colcon_core.package_identification:_identify(src/robot_bringup) by extension 'ignore_ament_install'
[0.506s] Level 1:colcon.colcon_core.package_identification:_identify(src/robot_bringup) by extensions ['colcon_pkg']
[0.506s] Level 1:colcon.colcon_core.package_identification:_identify(src/robot_bringup) by extension 'colcon_pkg'
[0.507s] Level 1:colcon.colcon_core.package_identification:_identify(src/robot_bringup) by extensions ['colcon_meta']
[0.507s] Level 1:colcon.colcon_core.package_identification:_identify(src/robot_bringup) by extension 'colcon_meta'
[0.507s] Level 1:colcon.colcon_core.package_identification:_identify(src/robot_bringup) by extensions ['ros']
[0.507s] Level 1:colcon.colcon_core.package_identification:_identify(src/robot_bringup) by extension 'ros'
[0.515s] DEBUG:colcon.colcon_core.package_identification:Package 'src/robot_bringup' with type 'ros.ament_cmake' and name 'robot_bringup'
[0.516s] Level 1:colcon.colcon_core.package_identification:_identify(src/robot_msg) by extensions ['ignore', 'ignore_ament_install']
[0.516s] Level 1:colcon.colcon_core.package_identification:_identify(src/robot_msg) by extension 'ignore'
[0.516s] Level 1:colcon.colcon_core.package_identification:_identify(src/robot_msg) by extension 'ignore_ament_install'
[0.516s] Level 1:colcon.colcon_core.package_identification:_identify(src/robot_msg) by extensions ['colcon_pkg']
[0.516s] Level 1:colcon.colcon_core.package_identification:_identify(src/robot_msg) by extension 'colcon_pkg'
[0.516s] Level 1:colcon.colcon_core.package_identification:_identify(src/robot_msg) by extensions ['colcon_meta']
[0.516s] Level 1:colcon.colcon_core.package_identification:_identify(src/robot_msg) by extension 'colcon_meta'
[0.516s] Level 1:colcon.colcon_core.package_identification:_identify(src/robot_msg) by extensions ['ros']
[0.516s] Level 1:colcon.colcon_core.package_identification:_identify(src/robot_msg) by extension 'ros'
[0.517s] DEBUG:colcon.colcon_core.package_identification:Package 'src/robot_msg' with type 'ros.ament_cmake' and name 'robot_msg'
[0.517s] Level 1:colcon.colcon_core.package_discovery:discover_packages(recursive) using defaults
[0.517s] Level 1:colcon.colcon_core.package_discovery:discover_packages(ignore) discover
[0.517s] Level 1:colcon.colcon_core.package_discovery:discover_packages(ignore) using defaults
[0.517s] Level 1:colcon.colcon_core.package_discovery:discover_packages(path) discover
[0.517s] Level 1:colcon.colcon_core.package_discovery:discover_packages(path) using defaults
[0.558s] Level 1:colcon.colcon_core.package_discovery:discover_packages(prefix_path) check parameters
[0.558s] Level 1:colcon.colcon_core.package_discovery:discover_packages(prefix_path) discover
[0.562s] DEBUG:colcon.colcon_installed_package_information.package_discovery:Found 427 installed packages in /opt/ros/humble
[0.567s] Level 1:colcon.colcon_core.package_discovery:discover_packages(prefix_path) using defaults
[0.645s] Level 5:colcon.colcon_core.verb:set package 'robot_bringup' build argument 'cmake_args' from command line to 'None'
[0.645s] Level 5:colcon.colcon_core.verb:set package 'robot_bringup' build argument 'cmake_target' from command line to 'None'
[0.645s] Level 5:colcon.colcon_core.verb:set package 'robot_bringup' build argument 'cmake_target_skip_unavailable' from command line to 'False'
[0.645s] Level 5:colcon.colcon_core.verb:set package 'robot_bringup' build argument 'cmake_clean_cache' from command line to 'False'
[0.645s] Level 5:colcon.colcon_core.verb:set package 'robot_bringup' build argument 'cmake_clean_first' from command line to 'False'
[0.645s] Level 5:colcon.colcon_core.verb:set package 'robot_bringup' build argument 'cmake_force_configure' from command line to 'False'
[0.645s] Level 5:colcon.colcon_core.verb:set package 'robot_bringup' build argument 'ament_cmake_args' from command line to 'None'
[0.645s] Level 5:colcon.colcon_core.verb:set package 'robot_bringup' build argument 'catkin_cmake_args' from command line to 'None'
[0.645s] Level 5:colcon.colcon_core.verb:set package 'robot_bringup' build argument 'catkin_skip_building_tests' from command line to 'False'
[0.645s] DEBUG:colcon.colcon_core.verb:Building package 'robot_bringup' with the following arguments: {'ament_cmake_args': None, 'build_base': '/home/prathamesh/robot_ws/build/robot_bringup', 'catkin_cmake_args': None, 'catkin_skip_building_tests': False, 'cmake_args': None, 'cmake_clean_cache': False, 'cmake_clean_first': False, 'cmake_force_configure': False, 'cmake_target': None, 'cmake_target_skip_unavailable': False, 'install_base': '/home/prathamesh/robot_ws/install/robot_bringup', 'merge_install': False, 'path': '/home/prathamesh/robot_ws/src/robot_bringup', 'symlink_install': True, 'test_result_base': None}
[0.646s] Level 5:colcon.colcon_core.verb:set package 'robot_msg' build argument 'cmake_args' from command line to 'None'
[0.646s] Level 5:colcon.colcon_core.verb:set package 'robot_msg' build argument 'cmake_target' from command line to 'None'
[0.646s] Level 5:colcon.colcon_core.verb:set package 'robot_msg' build argument 'cmake_target_skip_unavailable' from command line to 'False'
[0.646s] Level 5:colcon.colcon_core.verb:set package 'robot_msg' build argument 'cmake_clean_cache' from command line to 'False'
[0.646s] Level 5:colcon.colcon_core.verb:set package 'robot_msg' build argument 'cmake_clean_first' from command line to 'False'
[0.646s] Level 5:colcon.colcon_core.verb:set package 'robot_msg' build argument 'cmake_force_configure' from command line to 'False'
[0.646s] Level 5:colcon.colcon_core.verb:set package 'robot_msg' build argument 'ament_cmake_args' from command line to 'None'
[0.646s] Level 5:colcon.colcon_core.verb:set package 'robot_msg' build argument 'catkin_cmake_args' from command line to 'None'
[0.647s] Level 5:colcon.colcon_core.verb:set package 'robot_msg' build argument 'catkin_skip_building_tests' from command line to 'False'
[0.647s] DEBUG:colcon.colcon_core.verb:Building package 'robot_msg' with the following arguments: {'ament_cmake_args': None, 'build_base': '/home/prathamesh/robot_ws/build/robot_msg', 'catkin_cmake_args': None, 'catkin_skip_building_tests': False, 'cmake_args': None, 'cmake_clean_cache': False, 'cmake_clean_first': False, 'cmake_force_configure': False, 'cmake_target': None, 'cmake_target_skip_unavailable': False, 'install_base': '/home/prathamesh/robot_ws/install/robot_msg', 'merge_install': False, 'path': '/home/prathamesh/robot_ws/src/robot_msg', 'symlink_install': True, 'test_result_base': None}
[0.647s] INFO:colcon.colcon_core.executor:Executing jobs using 'parallel' executor
[0.649s] DEBUG:colcon.colcon_parallel_executor.executor.parallel:run_until_complete
[0.649s] INFO:colcon.colcon_ros.task.ament_cmake.build:Building ROS package in '/home/prathamesh/robot_ws/src/robot_bringup' with build type 'ament_cmake'
[0.649s] INFO:colcon.colcon_cmake.task.cmake.build:Building CMake package in '/home/prathamesh/robot_ws/src/robot_bringup'
[0.654s] INFO:colcon.colcon_core.plugin_system:Skipping extension 'colcon_core.shell.bat': Not used on non-Windows systems
[0.654s] INFO:colcon.colcon_core.shell:Skip shell extension 'powershell' for command environment: Not usable outside of PowerShell
[0.655s] DEBUG:colcon.colcon_core.shell:Skip shell extension 'dsv' for command environment
[0.660s] INFO:colcon.colcon_ros.task.ament_cmake.build:Building ROS package in '/home/prathamesh/robot_ws/src/robot_msg' with build type 'ament_cmake'
[0.660s] INFO:colcon.colcon_cmake.task.cmake.build:Building CMake package in '/home/prathamesh/robot_ws/src/robot_msg'
[0.661s] INFO:colcon.colcon_core.shell:Skip shell extension 'powershell' for command environment: Not usable outside of PowerShell
[0.661s] DEBUG:colcon.colcon_core.shell:Skip shell extension 'dsv' for command environment
[0.674s] DEBUG:colcon.colcon_core.event_handler.log_command:Invoking command in '/home/prathamesh/robot_ws/build/robot_bringup': CMAKE_PREFIX_PATH=/opt/ros/humble /usr/bin/cmake /home/prathamesh/robot_ws/src/robot_bringup -DAMENT_CMAKE_SYMLINK_INSTALL=1 -DCMAKE_INSTALL_PREFIX=/home/prathamesh/robot_ws/install/robot_bringup
[0.700s] DEBUG:colcon.colcon_core.event_handler.log_command:Invoking command in '/home/prathamesh/robot_ws/build/robot_msg': CMAKE_PREFIX_PATH=/opt/ros/humble /usr/bin/cmake /home/prathamesh/robot_ws/src/robot_msg -DAMENT_CMAKE_SYMLINK_INSTALL=1 -DCMAKE_INSTALL_PREFIX=/home/prathamesh/robot_ws/install/robot_msg
[1.344s] DEBUG:colcon.colcon_core.event_handler.log_command:Invoked command in '/home/prathamesh/robot_ws/build/robot_bringup' returned '0': CMAKE_PREFIX_PATH=/opt/ros/humble /usr/bin/cmake /home/prathamesh/robot_ws/src/robot_bringup -DAMENT_CMAKE_SYMLINK_INSTALL=1 -DCMAKE_INSTALL_PREFIX=/home/prathamesh/robot_ws/install/robot_bringup
[1.346s] DEBUG:colcon.colcon_core.event_handler.log_command:Invoking command in '/home/prathamesh/robot_ws/build/robot_bringup': CMAKE_PREFIX_PATH=/opt/ros/humble /usr/bin/cmake --build /home/prathamesh/robot_ws/build/robot_bringup -- -j8 -l8
[2.050s] DEBUG:colcon.colcon_core.event_handler.log_command:Invoked command in '/home/prathamesh/robot_ws/build/robot_bringup' returned '0': CMAKE_PREFIX_PATH=/opt/ros/humble /usr/bin/cmake --build /home/prathamesh/robot_ws/build/robot_bringup -- -j8 -l8
[2.071s] DEBUG:colcon.colcon_core.event_handler.log_command:Invoking command in '/home/prathamesh/robot_ws/build/robot_bringup': CMAKE_PREFIX_PATH=/opt/ros/humble /usr/bin/cmake --install /home/prathamesh/robot_ws/build/robot_bringup
[2.820s] Level 1:colcon.colcon_core.environment:create_environment_scripts_only(robot_bringup)
[2.821s] DEBUG:colcon.colcon_core.event_handler.log_command:Invoked command in '/home/prathamesh/robot_ws/build/robot_bringup' returned '0': CMAKE_PREFIX_PATH=/opt/ros/humble /usr/bin/cmake --install /home/prathamesh/robot_ws/build/robot_bringup
[2.828s] Level 1:colcon.colcon_core.environment:checking '/home/prathamesh/robot_ws/install/robot_bringup' for CMake module files
[2.829s] Level 1:colcon.colcon_core.environment:checking '/home/prathamesh/robot_ws/install/robot_bringup' for CMake config files
[2.830s] Level 1:colcon.colcon_core.shell:create_environment_hook('robot_bringup', 'cmake_prefix_path')
[2.830s] INFO:colcon.colcon_core.shell:Creating environment hook '/home/prathamesh/robot_ws/install/robot_bringup/share/robot_bringup/hook/cmake_prefix_path.ps1'
[2.832s] INFO:colcon.colcon_core.shell:Creating environment descriptor '/home/prathamesh/robot_ws/install/robot_bringup/share/robot_bringup/hook/cmake_prefix_path.dsv'
[2.833s] INFO:colcon.colcon_core.shell:Creating environment hook '/home/prathamesh/robot_ws/install/robot_bringup/share/robot_bringup/hook/cmake_prefix_path.sh'
[2.835s] Level 1:colcon.colcon_core.environment:checking '/home/prathamesh/robot_ws/install/robot_bringup/lib'
[2.835s] Level 1:colcon.colcon_core.environment:checking '/home/prathamesh/robot_ws/install/robot_bringup/bin'
[2.835s] Level 1:colcon.colcon_core.environment:checking '/home/prathamesh/robot_ws/install/robot_bringup/lib/pkgconfig/robot_bringup.pc'
[2.836s] Level 1:colcon.colcon_core.environment:checking '/home/prathamesh/robot_ws/install/robot_bringup/lib/python3.10/site-packages'
[2.836s] Level 1:colcon.colcon_core.environment:checking '/home/prathamesh/robot_ws/install/robot_bringup/bin'
[2.837s] INFO:colcon.colcon_core.shell:Creating package script '/home/prathamesh/robot_ws/install/robot_bringup/share/robot_bringup/package.ps1'
[2.838s] INFO:colcon.colcon_core.shell:Creating package descriptor '/home/prathamesh/robot_ws/install/robot_bringup/share/robot_bringup/package.dsv'
[2.840s] INFO:colcon.colcon_core.shell:Creating package script '/home/prathamesh/robot_ws/install/robot_bringup/share/robot_bringup/package.sh'
[2.841s] INFO:colcon.colcon_core.shell:Creating package script '/home/prathamesh/robot_ws/install/robot_bringup/share/robot_bringup/package.bash'
[2.843s] INFO:colcon.colcon_core.shell:Creating package script '/home/prathamesh/robot_ws/install/robot_bringup/share/robot_bringup/package.zsh'
[2.845s] Level 1:colcon.colcon_core.environment:create_file_with_runtime_dependencies(/home/prathamesh/robot_ws/install/robot_bringup/share/colcon-core/packages/robot_bringup)
[2.847s] Level 1:colcon.colcon_core.environment:create_environment_scripts_only(robot_bringup)
[2.848s] Level 1:colcon.colcon_core.environment:checking '/home/prathamesh/robot_ws/install/robot_bringup' for CMake module files
[2.849s] Level 1:colcon.colcon_core.environment:checking '/home/prathamesh/robot_ws/install/robot_bringup' for CMake config files
[2.849s] Level 1:colcon.colcon_core.shell:create_environment_hook('robot_bringup', 'cmake_prefix_path')
[2.850s] INFO:colcon.colcon_core.shell:Creating environment hook '/home/prathamesh/robot_ws/install/robot_bringup/share/robot_bringup/hook/cmake_prefix_path.ps1'
[2.850s] INFO:colcon.colcon_core.shell:Creating environment descriptor '/home/prathamesh/robot_ws/install/robot_bringup/share/robot_bringup/hook/cmake_prefix_path.dsv'
[2.851s] INFO:colcon.colcon_core.shell:Creating environment hook '/home/prathamesh/robot_ws/install/robot_bringup/share/robot_bringup/hook/cmake_prefix_path.sh'
[2.852s] Level 1:colcon.colcon_core.environment:checking '/home/prathamesh/robot_ws/install/robot_bringup/lib'
[2.852s] Level 1:colcon.colcon_core.environment:checking '/home/prathamesh/robot_ws/install/robot_bringup/bin'
[2.852s] Level 1:colcon.colcon_core.environment:checking '/home/prathamesh/robot_ws/install/robot_bringup/lib/pkgconfig/robot_bringup.pc'
[2.852s] Level 1:colcon.colcon_core.environment:checking '/home/prathamesh/robot_ws/install/robot_bringup/lib/python3.10/site-packages'
[2.852s] Level 1:colcon.colcon_core.environment:checking '/home/prathamesh/robot_ws/install/robot_bringup/bin'
[2.853s] INFO:colcon.colcon_core.shell:Creating package script '/home/prathamesh/robot_ws/install/robot_bringup/share/robot_bringup/package.ps1'
[2.853s] INFO:colcon.colcon_core.shell:Creating package descriptor '/home/prathamesh/robot_ws/install/robot_bringup/share/robot_bringup/package.dsv'
[2.854s] INFO:colcon.colcon_core.shell:Creating package script '/home/prathamesh/robot_ws/install/robot_bringup/share/robot_bringup/package.sh'
[2.855s] INFO:colcon.colcon_core.shell:Creating package script '/home/prathamesh/robot_ws/install/robot_bringup/share/robot_bringup/package.bash'
[2.856s] INFO:colcon.colcon_core.shell:Creating package script '/home/prathamesh/robot_ws/install/robot_bringup/share/robot_bringup/package.zsh'
[2.857s] Level 1:colcon.colcon_core.environment:create_file_with_runtime_dependencies(/home/prathamesh/robot_ws/install/robot_bringup/share/colcon-core/packages/robot_bringup)
[2.955s] DEBUG:colcon.colcon_core.event_handler.log_command:Invoked command in '/home/prathamesh/robot_ws/build/robot_msg' returned '0': CMAKE_PREFIX_PATH=/opt/ros/humble /usr/bin/cmake /home/prathamesh/robot_ws/src/robot_msg -DAMENT_CMAKE_SYMLINK_INSTALL=1 -DCMAKE_INSTALL_PREFIX=/home/prathamesh/robot_ws/install/robot_msg
[2.956s] DEBUG:colcon.colcon_core.event_handler.log_command:Invoking command in '/home/prathamesh/robot_ws/build/robot_msg': CMAKE_PREFIX_PATH=/opt/ros/humble /usr/bin/cmake --build /home/prathamesh/robot_ws/build/robot_msg -- -j8 -l8
[10.443s] DEBUG:colcon.colcon_core.event_handler.log_command:Invoked command in '/home/prathamesh/robot_ws/build/robot_msg' returned '0': CMAKE_PREFIX_PATH=/opt/ros/humble /usr/bin/cmake --build /home/prathamesh/robot_ws/build/robot_msg -- -j8 -l8
[10.448s] DEBUG:colcon.colcon_core.event_handler.log_command:Invoking command in '/home/prathamesh/robot_ws/build/robot_msg': CMAKE_PREFIX_PATH=/opt/ros/humble /usr/bin/cmake --install /home/prathamesh/robot_ws/build/robot_msg
[11.608s] Level 1:colcon.colcon_core.environment:create_environment_scripts_only(robot_msg)
[11.609s] Level 1:colcon.colcon_core.environment:checking '/home/prathamesh/robot_ws/install/robot_msg' for CMake module files
[11.609s] DEBUG:colcon.colcon_core.event_handler.log_command:Invoked command in '/home/prathamesh/robot_ws/build/robot_msg' returned '0': CMAKE_PREFIX_PATH=/opt/ros/humble /usr/bin/cmake --install /home/prathamesh/robot_ws/build/robot_msg
[11.610s] Level 1:colcon.colcon_core.environment:checking '/home/prathamesh/robot_ws/install/robot_msg' for CMake config files
[11.612s] Level 1:colcon.colcon_core.shell:create_environment_hook('robot_msg', 'cmake_prefix_path')
[11.614s] INFO:colcon.colcon_core.shell:Creating environment hook '/home/prathamesh/robot_ws/install/robot_msg/share/robot_msg/hook/cmake_prefix_path.ps1'
[11.617s] INFO:colcon.colcon_core.shell:Creating environment descriptor '/home/prathamesh/robot_ws/install/robot_msg/share/robot_msg/hook/cmake_prefix_path.dsv'
[11.619s] INFO:colcon.colcon_core.shell:Creating environment hook '/home/prathamesh/robot_ws/install/robot_msg/share/robot_msg/hook/cmake_prefix_path.sh'
[11.620s] Level 1:colcon.colcon_core.environment:checking '/home/prathamesh/robot_ws/install/robot_msg/lib'
[11.620s] Level 1:colcon.colcon_core.shell:create_environment_hook('robot_msg', 'ld_library_path_lib')
[11.621s] INFO:colcon.colcon_core.shell:Creating environment hook '/home/prathamesh/robot_ws/install/robot_msg/share/robot_msg/hook/ld_library_path_lib.ps1'
[11.621s] INFO:colcon.colcon_core.shell:Creating environment descriptor '/home/prathamesh/robot_ws/install/robot_msg/share/robot_msg/hook/ld_library_path_lib.dsv'
[11.622s] INFO:colcon.colcon_core.shell:Creating environment hook '/home/prathamesh/robot_ws/install/robot_msg/share/robot_msg/hook/ld_library_path_lib.sh'
[11.623s] Level 1:colcon.colcon_core.environment:checking '/home/prathamesh/robot_ws/install/robot_msg/bin'
[11.623s] Level 1:colcon.colcon_core.environment:checking '/home/prathamesh/robot_ws/install/robot_msg/lib/pkgconfig/robot_msg.pc'
[11.623s] Level 1:colcon.colcon_core.environment:checking '/home/prathamesh/robot_ws/install/robot_msg/lib/python3.10/site-packages'
[11.624s] Level 1:colcon.colcon_core.environment:checking '/home/prathamesh/robot_ws/install/robot_msg/bin'
[11.625s] INFO:colcon.colcon_core.shell:Creating package script '/home/prathamesh/robot_ws/install/robot_msg/share/robot_msg/package.ps1'
[11.626s] INFO:colcon.colcon_core.shell:Creating package descriptor '/home/prathamesh/robot_ws/install/robot_msg/share/robot_msg/package.dsv'
[11.628s] INFO:colcon.colcon_core.shell:Creating package script '/home/prathamesh/robot_ws/install/robot_msg/share/robot_msg/package.sh'
[11.629s] INFO:colcon.colcon_core.shell:Creating package script '/home/prathamesh/robot_ws/install/robot_msg/share/robot_msg/package.bash'
[11.630s] INFO:colcon.colcon_core.shell:Creating package script '/home/prathamesh/robot_ws/install/robot_msg/share/robot_msg/package.zsh'
[11.630s] Level 1:colcon.colcon_core.environment:create_file_with_runtime_dependencies(/home/prathamesh/robot_ws/install/robot_msg/share/colcon-core/packages/robot_msg)
[11.632s] Level 1:colcon.colcon_core.environment:create_environment_scripts_only(robot_msg)
[11.632s] Level 1:colcon.colcon_core.environment:checking '/home/prathamesh/robot_ws/install/robot_msg' for CMake module files
[11.634s] Level 1:colcon.colcon_core.environment:checking '/home/prathamesh/robot_ws/install/robot_msg' for CMake config files
[11.635s] Level 1:colcon.colcon_core.shell:create_environment_hook('robot_msg', 'cmake_prefix_path')
[11.636s] INFO:colcon.colcon_core.shell:Creating environment hook '/home/prathamesh/robot_ws/install/robot_msg/share/robot_msg/hook/cmake_prefix_path.ps1'
[11.637s] INFO:colcon.colcon_core.shell:Creating environment descriptor '/home/prathamesh/robot_ws/install/robot_msg/share/robot_msg/hook/cmake_prefix_path.dsv'
[11.638s] INFO:colcon.colcon_core.shell:Creating environment hook '/home/prathamesh/robot_ws/install/robot_msg/share/robot_msg/hook/cmake_prefix_path.sh'
[11.639s] Level 1:colcon.colcon_core.environment:checking '/home/prathamesh/robot_ws/install/robot_msg/lib'
[11.640s] Level 1:colcon.colcon_core.shell:create_environment_hook('robot_msg', 'ld_library_path_lib')
[11.640s] INFO:colcon.colcon_core.shell:Creating environment hook '/home/prathamesh/robot_ws/install/robot_msg/share/robot_msg/hook/ld_library_path_lib.ps1'
[11.641s] INFO:colcon.colcon_core.shell:Creating environment descriptor '/home/prathamesh/robot_ws/install/robot_msg/share/robot_msg/hook/ld_library_path_lib.dsv'
[11.642s] INFO:colcon.colcon_core.shell:Creating environment hook '/home/prathamesh/robot_ws/install/robot_msg/share/robot_msg/hook/ld_library_path_lib.sh'
[11.643s] Level 1:colcon.colcon_core.environment:checking '/home/prathamesh/robot_ws/install/robot_msg/bin'
[11.644s] Level 1:colcon.colcon_core.environment:checking '/home/prathamesh/robot_ws/install/robot_msg/lib/pkgconfig/robot_msg.pc'
[11.644s] Level 1:colcon.colcon_core.environment:checking '/home/prathamesh/robot_ws/install/robot_msg/lib/python3.10/site-packages'
[11.645s] Level 1:colcon.colcon_core.environment:checking '/home/prathamesh/robot_ws/install/robot_msg/bin'
[11.646s] INFO:colcon.colcon_core.shell:Creating package script '/home/prathamesh/robot_ws/install/robot_msg/share/robot_msg/package.ps1'
[11.648s] INFO:colcon.colcon_core.shell:Creating package descriptor '/home/prathamesh/robot_ws/install/robot_msg/share/robot_msg/package.dsv'
[11.650s] INFO:colcon.colcon_core.shell:Creating package script '/home/prathamesh/robot_ws/install/robot_msg/share/robot_msg/package.sh'
[11.651s] INFO:colcon.colcon_core.shell:Creating package script '/home/prathamesh/robot_ws/install/robot_msg/share/robot_msg/package.bash'
[11.653s] INFO:colcon.colcon_core.shell:Creating package script '/home/prathamesh/robot_ws/install/robot_msg/share/robot_msg/package.zsh'
[11.655s] Level 1:colcon.colcon_core.environment:create_file_with_runtime_dependencies(/home/prathamesh/robot_ws/install/robot_msg/share/colcon-core/packages/robot_msg)
[11.657s] DEBUG:colcon.colcon_parallel_executor.executor.parallel:closing loop
[11.658s] DEBUG:colcon.colcon_parallel_executor.executor.parallel:loop closed
[11.658s] DEBUG:colcon.colcon_parallel_executor.executor.parallel:run_until_complete finished with '0'
[11.658s] DEBUG:colcon.colcon_core.event_reactor:joining thread
[11.674s] INFO:colcon.colcon_core.plugin_system:Skipping extension 'colcon_notification.desktop_notification.terminal_notifier': Not used on non-Darwin systems
[11.674s] INFO:colcon.colcon_core.plugin_system:Skipping extension 'colcon_notification.desktop_notification.win32': Not used on non-Windows systems
[11.674s] INFO:colcon.colcon_notification.desktop_notification:Sending desktop notification using 'notify2'
[11.697s] DEBUG:colcon.colcon_core.event_reactor:joined thread
[11.698s] INFO:colcon.colcon_core.shell:Creating prefix script '/home/prathamesh/robot_ws/install/local_setup.ps1'
[11.700s] INFO:colcon.colcon_core.shell:Creating prefix util module '/home/prathamesh/robot_ws/install/_local_setup_util_ps1.py'
[11.705s] INFO:colcon.colcon_core.shell:Creating prefix chain script '/home/prathamesh/robot_ws/install/setup.ps1'
[11.709s] INFO:colcon.colcon_core.shell:Creating prefix script '/home/prathamesh/robot_ws/install/local_setup.sh'
[11.711s] INFO:colcon.colcon_core.shell:Creating prefix util module '/home/prathamesh/robot_ws/install/_local_setup_util_sh.py'
[11.712s] INFO:colcon.colcon_core.shell:Creating prefix chain script '/home/prathamesh/robot_ws/install/setup.sh'
[11.714s] INFO:colcon.colcon_core.shell:Creating prefix script '/home/prathamesh/robot_ws/install/local_setup.bash'
[11.715s] INFO:colcon.colcon_core.shell:Creating prefix chain script '/home/prathamesh/robot_ws/install/setup.bash'
[11.716s] INFO:colcon.colcon_core.shell:Creating prefix script '/home/prathamesh/robot_ws/install/local_setup.zsh'
[11.717s] INFO:colcon.colcon_core.shell:Creating prefix chain script '/home/prathamesh/robot_ws/install/setup.zsh'
