-- Found ament_cmake: 1.3.11 (/opt/ros/humble/share/ament_cmake/cmake)
-- Override CMake install command with custom implementation using symlinks instead of copying resources
-- Found xacro: 2.0.8 (/opt/ros/humble/share/xacro/cmake)
-- Found rclpy: 3.3.15 (/opt/ros/humble/share/rclpy/cmake)
-- Found ament_lint_auto: 0.12.11 (/opt/ros/humble/share/ament_lint_auto/cmake)
-- Added test 'flake8' to check Python code syntax and style conventions
-- Added test 'lint_cmake' to check CMake code style
-- Added test 'pep257' to check Python code against some of the docstring style conventions in PEP 257
-- Added test 'xmllint' to check XML markup files
-- Configuring done
-- Generating done
-- Build files have been written to: /home/prathamesh/robot_ws/build/robot_bringup
Built target ament_cmake_python_symlink_robot_bringup
running egg_info
creating robot_bringup.egg-info
writing robot_bringup.egg-info/PKG-INFO
writing dependency_links to robot_bringup.egg-info/dependency_links.txt
writing top-level names to robot_bringup.egg-info/top_level.txt
writing manifest file 'robot_bringup.egg-info/SOURCES.txt'
reading manifest file 'robot_bringup.egg-info/SOURCES.txt'
writing manifest file 'robot_bringup.egg-info/SOURCES.txt'
Built target ament_cmake_python_build_robot_bringup_egg
-- Install configuration: ""
-- Execute custom install script
-- Symlinking: /home/prathamesh/robot_ws/install/robot_bringup/share/robot_bringup/robot_desc/inertial_macros.xacro
-- Symlinking: /home/prathamesh/robot_ws/install/robot_bringup/share/robot_bringup/robot_desc/robot.urdf.xacro
-- Symlinking: /home/prathamesh/robot_ws/install/robot_bringup/share/robot_bringup/robot_desc/ros2_control.xacro
-- Symlinking: /home/prathamesh/robot_ws/install/robot_bringup/share/robot_bringup/launch/map_and_localization.launch.py
-- Symlinking: /home/prathamesh/robot_ws/install/robot_bringup/share/robot_bringup/launch/robot_gazebo_classic.launch.py
-- Symlinking: /home/prathamesh/robot_ws/install/robot_bringup/share/robot_bringup/rviz/config.rviz
-- Symlinking: /home/prathamesh/robot_ws/install/robot_bringup/share/robot_bringup/config/ekf.yaml
-- Symlinking: /home/prathamesh/robot_ws/install/robot_bringup/share/robot_bringup/config/ros2_control_param.yaml
-- Symlinking: /home/prathamesh/robot_ws/install/robot_bringup/share/robot_bringup/config/twist_mux.yaml
-- Symlinking: /home/prathamesh/robot_ws/install/robot_bringup/share/robot_bringup/world/world.sdf
-- Symlinking: /home/prathamesh/robot_ws/install/robot_bringup/share/robot_bringup/maps/my_custom_map.pgm
-- Symlinking: /home/prathamesh/robot_ws/install/robot_bringup/share/robot_bringup/maps/my_custom_map.yaml
-- Symlinking: /home/prathamesh/robot_ws/install/robot_bringup/share/robot_bringup/robot_bringup/__init__.py
-- Symlinking: /home/prathamesh/robot_ws/install/robot_bringup/share/robot_bringup/robot_bringup/log_traj_viz.py
-- Symlinking: /home/prathamesh/robot_ws/install/robot_bringup/share/robot_bringup/robot_bringup/viz_server.py
-- Symlinking: /home/prathamesh/robot_ws/install/robot_bringup/lib/robot_bringup/viz_server.py
-- Symlinking: /home/prathamesh/robot_ws/install/robot_bringup/lib/robot_bringup/log_traj_viz.py
-- Symlinking: /home/prathamesh/robot_ws/install/robot_bringup/share/robot_bringup/environment/pythonpath.sh
-- Symlinking: /home/prathamesh/robot_ws/install/robot_bringup/share/robot_bringup/environment/pythonpath.dsv
-- Symlinking: /home/prathamesh/robot_ws/install/robot_bringup/local/lib/python3.10/dist-packages/robot_bringup-0.0.0-py3.10.egg-info/PKG-INFO
-- Symlinking: /home/prathamesh/robot_ws/install/robot_bringup/local/lib/python3.10/dist-packages/robot_bringup-0.0.0-py3.10.egg-info/SOURCES.txt
-- Symlinking: /home/prathamesh/robot_ws/install/robot_bringup/local/lib/python3.10/dist-packages/robot_bringup-0.0.0-py3.10.egg-info/dependency_links.txt
-- Symlinking: /home/prathamesh/robot_ws/install/robot_bringup/local/lib/python3.10/dist-packages/robot_bringup-0.0.0-py3.10.egg-info/top_level.txt
-- Symlinking: /home/prathamesh/robot_ws/install/robot_bringup/local/lib/python3.10/dist-packages/robot_bringup/__init__.py
-- Symlinking: /home/prathamesh/robot_ws/install/robot_bringup/local/lib/python3.10/dist-packages/robot_bringup/log_traj_viz.py
-- Symlinking: /home/prathamesh/robot_ws/install/robot_bringup/local/lib/python3.10/dist-packages/robot_bringup/viz_server.py
-- Symlinking: /home/prathamesh/robot_ws/install/robot_bringup/share/ament_index/resource_index/package_run_dependencies/robot_bringup
-- Symlinking: /home/prathamesh/robot_ws/install/robot_bringup/share/ament_index/resource_index/parent_prefix_path/robot_bringup
-- Symlinking: /home/prathamesh/robot_ws/install/robot_bringup/share/robot_bringup/environment/ament_prefix_path.sh
-- Symlinking: /home/prathamesh/robot_ws/install/robot_bringup/share/robot_bringup/environment/ament_prefix_path.dsv
-- Symlinking: /home/prathamesh/robot_ws/install/robot_bringup/share/robot_bringup/environment/path.sh
-- Symlinking: /home/prathamesh/robot_ws/install/robot_bringup/share/robot_bringup/environment/path.dsv
-- Symlinking: /home/prathamesh/robot_ws/install/robot_bringup/share/robot_bringup/local_setup.bash
-- Symlinking: /home/prathamesh/robot_ws/install/robot_bringup/share/robot_bringup/local_setup.sh
-- Symlinking: /home/prathamesh/robot_ws/install/robot_bringup/share/robot_bringup/local_setup.zsh
-- Symlinking: /home/prathamesh/robot_ws/install/robot_bringup/share/robot_bringup/local_setup.dsv
-- Symlinking: /home/prathamesh/robot_ws/install/robot_bringup/share/robot_bringup/package.dsv
-- Symlinking: /home/prathamesh/robot_ws/install/robot_bringup/share/ament_index/resource_index/packages/robot_bringup
-- Symlinking: /home/prathamesh/robot_ws/install/robot_bringup/share/robot_bringup/cmake/robot_bringupConfig.cmake
-- Symlinking: /home/prathamesh/robot_ws/install/robot_bringup/share/robot_bringup/cmake/robot_bringupConfig-version.cmake
-- Symlinking: /home/prathamesh/robot_ws/install/robot_bringup/share/robot_bringup/package.xml
Listing '/home/prathamesh/robot_ws/install/robot_bringup/local/lib/python3.10/dist-packages/robot_bringup'...
Compiling '/home/prathamesh/robot_ws/install/robot_bringup/local/lib/python3.10/dist-packages/robot_bringup/__init__.py'...
Compiling '/home/prathamesh/robot_ws/install/robot_bringup/local/lib/python3.10/dist-packages/robot_bringup/log_traj_viz.py'...
Compiling '/home/prathamesh/robot_ws/install/robot_bringup/local/lib/python3.10/dist-packages/robot_bringup/viz_server.py'...
