[0.024s] Invoking command in '/home/prathamesh/robot_ws/build/robot_bringup': CMAKE_PREFIX_PATH=/opt/ros/humble /usr/bin/cmake /home/prathamesh/robot_ws/src/robot_bringup -DAMENT_CMAKE_SYMLINK_INSTALL=1 -DCMAKE_INSTALL_PREFIX=/home/prathamesh/robot_ws/install/robot_bringup
[0.064s] -- Found ament_cmake: 1.3.11 (/opt/ros/humble/share/ament_cmake/cmake)
[0.387s] -- Override CMake install command with custom implementation using symlinks instead of copying resources
[0.407s] -- Found xacro: 2.0.8 (/opt/ros/humble/share/xacro/cmake)
[0.410s] -- Found rclpy: 3.3.15 (/opt/ros/humble/share/rclpy/cmake)
[0.550s] -- Found ament_lint_auto: 0.12.11 (/opt/ros/humble/share/ament_lint_auto/cmake)
[0.675s] -- Added test 'flake8' to check Python code syntax and style conventions
[0.676s] -- Added test 'lint_cmake' to check CMake code style
[0.677s] -- Added test 'pep257' to check Python code against some of the docstring style conventions in PEP 257
[0.680s] -- Added test 'xmllint' to check XML markup files
[0.682s] -- Configuring done
[0.686s] -- Generating done
[0.689s] -- Build files have been written to: /home/prathamesh/robot_ws/build/robot_bringup
[0.694s] Invoked command in '/home/prathamesh/robot_ws/build/robot_bringup' returned '0': CMAKE_PREFIX_PATH=/opt/ros/humble /usr/bin/cmake /home/prathamesh/robot_ws/src/robot_bringup -DAMENT_CMAKE_SYMLINK_INSTALL=1 -DCMAKE_INSTALL_PREFIX=/home/prathamesh/robot_ws/install/robot_bringup
[0.696s] Invoking command in '/home/prathamesh/robot_ws/build/robot_bringup': CMAKE_PREFIX_PATH=/opt/ros/humble /usr/bin/cmake --build /home/prathamesh/robot_ws/build/robot_bringup -- -j8 -l8
[0.790s] Built target ament_cmake_python_symlink_robot_bringup
[1.305s] running egg_info
[1.306s] creating robot_bringup.egg-info
[1.306s] writing robot_bringup.egg-info/PKG-INFO
[1.307s] writing dependency_links to robot_bringup.egg-info/dependency_links.txt
[1.307s] writing top-level names to robot_bringup.egg-info/top_level.txt
[1.307s] writing manifest file 'robot_bringup.egg-info/SOURCES.txt'
[1.310s] reading manifest file 'robot_bringup.egg-info/SOURCES.txt'
[1.310s] writing manifest file 'robot_bringup.egg-info/SOURCES.txt'
[1.386s] Built target ament_cmake_python_build_robot_bringup_egg
[1.400s] Invoked command in '/home/prathamesh/robot_ws/build/robot_bringup' returned '0': CMAKE_PREFIX_PATH=/opt/ros/humble /usr/bin/cmake --build /home/prathamesh/robot_ws/build/robot_bringup -- -j8 -l8
[1.418s] Invoking command in '/home/prathamesh/robot_ws/build/robot_bringup': CMAKE_PREFIX_PATH=/opt/ros/humble /usr/bin/cmake --install /home/prathamesh/robot_ws/build/robot_bringup
[1.428s] -- Install configuration: ""
[1.428s] -- Execute custom install script
[1.429s] -- Symlinking: /home/prathamesh/robot_ws/install/robot_bringup/share/robot_bringup/robot_desc/inertial_macros.xacro
[1.451s] -- Symlinking: /home/prathamesh/robot_ws/install/robot_bringup/share/robot_bringup/robot_desc/robot.urdf.xacro
[1.468s] -- Symlinking: /home/prathamesh/robot_ws/install/robot_bringup/share/robot_bringup/robot_desc/ros2_control.xacro
[1.478s] -- Symlinking: /home/prathamesh/robot_ws/install/robot_bringup/share/robot_bringup/launch/map_and_localization.launch.py
[1.489s] -- Symlinking: /home/prathamesh/robot_ws/install/robot_bringup/share/robot_bringup/launch/robot_gazebo_classic.launch.py
[1.509s] -- Symlinking: /home/prathamesh/robot_ws/install/robot_bringup/share/robot_bringup/rviz/config.rviz
[1.535s] -- Symlinking: /home/prathamesh/robot_ws/install/robot_bringup/share/robot_bringup/config/ekf.yaml
[1.554s] -- Symlinking: /home/prathamesh/robot_ws/install/robot_bringup/share/robot_bringup/config/ros2_control_param.yaml
[1.563s] -- Symlinking: /home/prathamesh/robot_ws/install/robot_bringup/share/robot_bringup/config/twist_mux.yaml
[1.572s] -- Symlinking: /home/prathamesh/robot_ws/install/robot_bringup/share/robot_bringup/world/world.sdf
[1.588s] -- Symlinking: /home/prathamesh/robot_ws/install/robot_bringup/share/robot_bringup/maps/my_custom_map.pgm
[1.600s] -- Symlinking: /home/prathamesh/robot_ws/install/robot_bringup/share/robot_bringup/maps/my_custom_map.yaml
[1.611s] -- Symlinking: /home/prathamesh/robot_ws/install/robot_bringup/share/robot_bringup/robot_bringup/__init__.py
[1.627s] -- Symlinking: /home/prathamesh/robot_ws/install/robot_bringup/share/robot_bringup/robot_bringup/log_traj_viz.py
[1.642s] -- Symlinking: /home/prathamesh/robot_ws/install/robot_bringup/share/robot_bringup/robot_bringup/viz_server.py
[1.657s] -- Symlinking: /home/prathamesh/robot_ws/install/robot_bringup/lib/robot_bringup/viz_server.py
[1.677s] -- Symlinking: /home/prathamesh/robot_ws/install/robot_bringup/lib/robot_bringup/log_traj_viz.py
[1.697s] -- Symlinking: /home/prathamesh/robot_ws/install/robot_bringup/share/robot_bringup/environment/pythonpath.sh
[1.709s] -- Symlinking: /home/prathamesh/robot_ws/install/robot_bringup/share/robot_bringup/environment/pythonpath.dsv
[1.724s] -- Symlinking: /home/prathamesh/robot_ws/install/robot_bringup/local/lib/python3.10/dist-packages/robot_bringup-0.0.0-py3.10.egg-info/PKG-INFO
[1.743s] -- Symlinking: /home/prathamesh/robot_ws/install/robot_bringup/local/lib/python3.10/dist-packages/robot_bringup-0.0.0-py3.10.egg-info/SOURCES.txt
[1.758s] -- Symlinking: /home/prathamesh/robot_ws/install/robot_bringup/local/lib/python3.10/dist-packages/robot_bringup-0.0.0-py3.10.egg-info/dependency_links.txt
[1.773s] -- Symlinking: /home/prathamesh/robot_ws/install/robot_bringup/local/lib/python3.10/dist-packages/robot_bringup-0.0.0-py3.10.egg-info/top_level.txt
[1.784s] -- Symlinking: /home/prathamesh/robot_ws/install/robot_bringup/local/lib/python3.10/dist-packages/robot_bringup/__init__.py
[1.797s] -- Symlinking: /home/prathamesh/robot_ws/install/robot_bringup/local/lib/python3.10/dist-packages/robot_bringup/log_traj_viz.py
[1.808s] -- Symlinking: /home/prathamesh/robot_ws/install/robot_bringup/local/lib/python3.10/dist-packages/robot_bringup/viz_server.py
[1.831s] -- Symlinking: /home/prathamesh/robot_ws/install/robot_bringup/share/ament_index/resource_index/package_run_dependencies/robot_bringup
[1.853s] -- Symlinking: /home/prathamesh/robot_ws/install/robot_bringup/share/ament_index/resource_index/parent_prefix_path/robot_bringup
[1.882s] -- Symlinking: /home/prathamesh/robot_ws/install/robot_bringup/share/robot_bringup/environment/ament_prefix_path.sh
[1.906s] -- Symlinking: /home/prathamesh/robot_ws/install/robot_bringup/share/robot_bringup/environment/ament_prefix_path.dsv
[1.918s] -- Symlinking: /home/prathamesh/robot_ws/install/robot_bringup/share/robot_bringup/environment/path.sh
[1.931s] -- Symlinking: /home/prathamesh/robot_ws/install/robot_bringup/share/robot_bringup/environment/path.dsv
[1.948s] -- Symlinking: /home/prathamesh/robot_ws/install/robot_bringup/share/robot_bringup/local_setup.bash
[1.971s] -- Symlinking: /home/prathamesh/robot_ws/install/robot_bringup/share/robot_bringup/local_setup.sh
[1.986s] -- Symlinking: /home/prathamesh/robot_ws/install/robot_bringup/share/robot_bringup/local_setup.zsh
[1.998s] -- Symlinking: /home/prathamesh/robot_ws/install/robot_bringup/share/robot_bringup/local_setup.dsv
[2.012s] -- Symlinking: /home/prathamesh/robot_ws/install/robot_bringup/share/robot_bringup/package.dsv
[2.028s] -- Symlinking: /home/prathamesh/robot_ws/install/robot_bringup/share/ament_index/resource_index/packages/robot_bringup
[2.045s] -- Symlinking: /home/prathamesh/robot_ws/install/robot_bringup/share/robot_bringup/cmake/robot_bringupConfig.cmake
[2.059s] -- Symlinking: /home/prathamesh/robot_ws/install/robot_bringup/share/robot_bringup/cmake/robot_bringupConfig-version.cmake
[2.070s] -- Symlinking: /home/prathamesh/robot_ws/install/robot_bringup/share/robot_bringup/package.xml
[2.151s] Listing '/home/prathamesh/robot_ws/install/robot_bringup/local/lib/python3.10/dist-packages/robot_bringup'...
[2.151s] Compiling '/home/prathamesh/robot_ws/install/robot_bringup/local/lib/python3.10/dist-packages/robot_bringup/__init__.py'...
[2.151s] Compiling '/home/prathamesh/robot_ws/install/robot_bringup/local/lib/python3.10/dist-packages/robot_bringup/log_traj_viz.py'...
[2.151s] Compiling '/home/prathamesh/robot_ws/install/robot_bringup/local/lib/python3.10/dist-packages/robot_bringup/viz_server.py'...
[2.171s] Invoked command in '/home/prathamesh/robot_ws/build/robot_bringup' returned '0': CMAKE_PREFIX_PATH=/opt/ros/humble /usr/bin/cmake --install /home/prathamesh/robot_ws/build/robot_bringup
