-- Found ament_cmake: 1.3.11 (/opt/ros/humble/share/ament_cmake/cmake)
-- Override CMake install command with custom implementation using symlinks instead of copying resources
-- Found std_msgs: 4.2.4 (/opt/ros/humble/share/std_msgs/cmake)
-- Found rosidl_generator_c: 3.1.6 (/opt/ros/humble/share/rosidl_generator_c/cmake)
-- Found rosidl_adapter: 3.1.6 (/opt/ros/humble/share/rosidl_adapter/cmake)
-- Found rosidl_generator_cpp: 3.1.6 (/opt/ros/humble/share/rosidl_generator_cpp/cmake)
-- Using all available rosidl_typesupport_c: rosidl_typesupport_fastrtps_c;rosidl_typesupport_introspection_c
-- Using all available rosidl_typesupport_cpp: rosidl_typesupport_fastrtps_cpp;rosidl_typesupport_introspection_cpp
-- Found rosidl_default_generators: 1.2.0 (/opt/ros/humble/share/rosidl_default_generators/cmake)
-- Found ament_cmake_ros: 0.10.0 (/opt/ros/humble/share/ament_cmake_ros/cmake)
-- Using all available rosidl_typesupport_c: rosidl_typesupport_fastrtps_c;rosidl_typesupport_introspection_c
-- Using all available rosidl_typesupport_cpp: rosidl_typesupport_fastrtps_cpp;rosidl_typesupport_introspection_cpp
-- Found PythonInterp: /usr/bin/python3 (found suitable version "3.10.12", minimum required is "3.6") 
-- Found python_cmake_module: 0.10.0 (/opt/ros/humble/share/python_cmake_module/cmake)
-- Found PythonLibs: /usr/lib/x86_64-linux-gnu/libpython3.10.so (found suitable version "3.10.12", minimum required is "3.5") 
-- Using PYTHON_EXECUTABLE: /usr/bin/python3
-- Using PYTHON_INCLUDE_DIRS: /usr/include/python3.10
-- Using PYTHON_LIBRARIES: /usr/lib/x86_64-linux-gnu/libpython3.10.so
-- Found PythonExtra: .so  
-- Found ament_lint_auto: 0.12.11 (/opt/ros/humble/share/ament_lint_auto/cmake)
-- Added test 'lint_cmake' to check CMake code style
-- Added test 'xmllint' to check XML markup files
-- Configuring done
-- Generating done
-- Build files have been written to: /home/prathamesh/robot_ws/build/robot_msg
[  3%] [34m[1mGenerating C code for ROS interfaces[0m
[  6%] [34m[1mGenerating C++ code for ROS interfaces[0m
[  6%] Built target ament_cmake_python_symlink_robot_msg
running egg_info
creating robot_msg.egg-info
writing robot_msg.egg-info/PKG-INFO
writing dependency_links to robot_msg.egg-info/dependency_links.txt
writing top-level names to robot_msg.egg-info/top_level.txt
writing manifest file 'robot_msg.egg-info/SOURCES.txt'
reading manifest file 'robot_msg.egg-info/SOURCES.txt'
writing manifest file 'robot_msg.egg-info/SOURCES.txt'
[  6%] Built target robot_msg__cpp
[  9%] [32mBuilding C object CMakeFiles/robot_msg__rosidl_generator_c.dir/rosidl_generator_c/robot_msg/srv/detail/traj_time__functions.c.o[0m
[  9%] Built target ament_cmake_python_build_robot_msg_egg
[ 12%] [34m[1mGenerating C++ type support for eProsima Fast-RTPS[0m
[ 16%] [34m[1mGenerating C++ type support dispatch for ROS interfaces[0m
[ 19%] [34m[1mGenerating C++ introspection for ROS interfaces[0m
[ 22%] [32m[1mLinking C shared library librobot_msg__rosidl_generator_c.so[0m
[ 22%] Built target robot_msg__rosidl_generator_c
[ 25%] [34m[1mGenerating C type support dispatch for ROS interfaces[0m
[ 29%] [34m[1mGenerating C introspection for ROS interfaces[0m
[ 32%] [34m[1mGenerating C type support for eProsima Fast-RTPS[0m
[ 35%] [32mBuilding CXX object CMakeFiles/robot_msg__rosidl_typesupport_cpp.dir/rosidl_typesupport_cpp/robot_msg/srv/traj_time__type_support.cpp.o[0m
[ 38%] [32mBuilding CXX object CMakeFiles/robot_msg__rosidl_typesupport_fastrtps_cpp.dir/rosidl_typesupport_fastrtps_cpp/robot_msg/srv/detail/dds_fastrtps/traj_time__type_support.cpp.o[0m
[ 41%] [32mBuilding CXX object CMakeFiles/robot_msg__rosidl_typesupport_c.dir/rosidl_typesupport_c/robot_msg/srv/traj_time__type_support.cpp.o[0m
[ 45%] [32mBuilding CXX object CMakeFiles/robot_msg__rosidl_typesupport_introspection_cpp.dir/rosidl_typesupport_introspection_cpp/robot_msg/srv/detail/traj_time__type_support.cpp.o[0m
[ 48%] [32m[1mLinking CXX shared library librobot_msg__rosidl_typesupport_c.so[0m
[ 51%] [32mBuilding C object CMakeFiles/robot_msg__rosidl_typesupport_introspection_c.dir/rosidl_typesupport_introspection_c/robot_msg/srv/detail/traj_time__type_support.c.o[0m
[ 54%] [32mBuilding CXX object CMakeFiles/robot_msg__rosidl_typesupport_fastrtps_c.dir/rosidl_typesupport_fastrtps_c/robot_msg/srv/detail/traj_time__type_support_c.cpp.o[0m
[ 54%] Built target robot_msg__rosidl_typesupport_c
[ 58%] [32m[1mLinking C shared library librobot_msg__rosidl_typesupport_introspection_c.so[0m
[ 58%] Built target robot_msg__rosidl_typesupport_introspection_c
[ 61%] [32m[1mLinking CXX shared library librobot_msg__rosidl_typesupport_cpp.so[0m
[ 61%] Built target robot_msg__rosidl_typesupport_cpp
[ 64%] [32m[1mLinking CXX shared library librobot_msg__rosidl_typesupport_fastrtps_c.so[0m
[ 67%] [32m[1mLinking CXX shared library librobot_msg__rosidl_typesupport_fastrtps_cpp.so[0m
[ 70%] [32m[1mLinking CXX shared library librobot_msg__rosidl_typesupport_introspection_cpp.so[0m
[ 70%] Built target robot_msg__rosidl_typesupport_fastrtps_c
[ 70%] Built target robot_msg__rosidl_typesupport_introspection_cpp
[ 70%] Built target robot_msg__rosidl_typesupport_fastrtps_cpp
[ 70%] Built target robot_msg
[ 74%] [34m[1mGenerating Python code for ROS interfaces[0m
[ 74%] Built target robot_msg__py
[ 77%] [32mBuilding C object CMakeFiles/robot_msg__rosidl_generator_py.dir/rosidl_generator_py/robot_msg/srv/_traj_time_s.c.o[0m
[ 80%] [32m[1mLinking C shared library rosidl_generator_py/robot_msg/librobot_msg__rosidl_generator_py.so[0m
[ 80%] Built target robot_msg__rosidl_generator_py
[ 83%] [32mBuilding C object CMakeFiles/robot_msg__rosidl_typesupport_introspection_c__pyext.dir/rosidl_generator_py/robot_msg/_robot_msg_s.ep.rosidl_typesupport_introspection_c.c.o[0m
[ 87%] [32mBuilding C object CMakeFiles/robot_msg__rosidl_typesupport_c__pyext.dir/rosidl_generator_py/robot_msg/_robot_msg_s.ep.rosidl_typesupport_c.c.o[0m
[ 90%] [32mBuilding C object CMakeFiles/robot_msg__rosidl_typesupport_fastrtps_c__pyext.dir/rosidl_generator_py/robot_msg/_robot_msg_s.ep.rosidl_typesupport_fastrtps_c.c.o[0m
[ 96%] [32m[1mLinking C shared library rosidl_generator_py/robot_msg/robot_msg_s__rosidl_typesupport_introspection_c.cpython-310-x86_64-linux-gnu.so[0m
[ 96%] [32m[1mLinking C shared library rosidl_generator_py/robot_msg/robot_msg_s__rosidl_typesupport_c.cpython-310-x86_64-linux-gnu.so[0m
[100%] [32m[1mLinking C shared library rosidl_generator_py/robot_msg/robot_msg_s__rosidl_typesupport_fastrtps_c.cpython-310-x86_64-linux-gnu.so[0m
[100%] Built target robot_msg__rosidl_typesupport_introspection_c__pyext
[100%] Built target robot_msg__rosidl_typesupport_c__pyext
[100%] Built target robot_msg__rosidl_typesupport_fastrtps_c__pyext
-- Install configuration: ""
-- Execute custom install script
-- Symlinking: /home/prathamesh/robot_ws/install/robot_msg/share/ament_index/resource_index/rosidl_interfaces/robot_msg
-- Symlinking: /home/prathamesh/robot_ws/install/robot_msg/include/robot_msg/robot_msg/msg/rosidl_generator_c__visibility_control.h
-- Symlinking: /home/prathamesh/robot_ws/install/robot_msg/include/robot_msg/robot_msg/srv/detail/traj_time__functions.h
-- Symlinking: /home/prathamesh/robot_ws/install/robot_msg/include/robot_msg/robot_msg/srv/detail/traj_time__struct.h
-- Symlinking: /home/prathamesh/robot_ws/install/robot_msg/include/robot_msg/robot_msg/srv/detail/traj_time__type_support.h
-- Symlinking: /home/prathamesh/robot_ws/install/robot_msg/include/robot_msg/robot_msg/srv/traj_time.h
-- Symlinking: /home/prathamesh/robot_ws/install/robot_msg/share/robot_msg/environment/library_path.sh
-- Symlinking: /home/prathamesh/robot_ws/install/robot_msg/share/robot_msg/environment/library_path.dsv
-- Symlinking: /home/prathamesh/robot_ws/install/robot_msg/include/robot_msg/robot_msg/msg/rosidl_typesupport_fastrtps_c__visibility_control.h
-- Symlinking: /home/prathamesh/robot_ws/install/robot_msg/include/robot_msg/robot_msg/srv/detail/traj_time__rosidl_typesupport_fastrtps_c.h
-- Symlinking: /home/prathamesh/robot_ws/install/robot_msg/include/robot_msg/robot_msg/msg/rosidl_generator_cpp__visibility_control.hpp
-- Symlinking: /home/prathamesh/robot_ws/install/robot_msg/include/robot_msg/robot_msg/srv/detail/traj_time__builder.hpp
-- Symlinking: /home/prathamesh/robot_ws/install/robot_msg/include/robot_msg/robot_msg/srv/detail/traj_time__struct.hpp
-- Symlinking: /home/prathamesh/robot_ws/install/robot_msg/include/robot_msg/robot_msg/srv/detail/traj_time__traits.hpp
-- Symlinking: /home/prathamesh/robot_ws/install/robot_msg/include/robot_msg/robot_msg/srv/detail/traj_time__type_support.hpp
-- Symlinking: /home/prathamesh/robot_ws/install/robot_msg/include/robot_msg/robot_msg/srv/traj_time.hpp
-- Symlinking: /home/prathamesh/robot_ws/install/robot_msg/include/robot_msg/robot_msg/msg/rosidl_typesupport_fastrtps_cpp__visibility_control.h
-- Symlinking: /home/prathamesh/robot_ws/install/robot_msg/include/robot_msg/robot_msg/srv/detail/traj_time__rosidl_typesupport_fastrtps_cpp.hpp
-- Symlinking: /home/prathamesh/robot_ws/install/robot_msg/include/robot_msg/robot_msg/msg/rosidl_typesupport_introspection_c__visibility_control.h
-- Symlinking: /home/prathamesh/robot_ws/install/robot_msg/include/robot_msg/robot_msg/srv/detail/traj_time__rosidl_typesupport_introspection_c.h
-- Symlinking: /home/prathamesh/robot_ws/install/robot_msg/include/robot_msg/robot_msg/srv/detail/traj_time__rosidl_typesupport_introspection_cpp.hpp
-- Symlinking: /home/prathamesh/robot_ws/install/robot_msg/share/robot_msg/environment/pythonpath.sh
-- Symlinking: /home/prathamesh/robot_ws/install/robot_msg/share/robot_msg/environment/pythonpath.dsv
-- Symlinking: /home/prathamesh/robot_ws/install/robot_msg/local/lib/python3.10/dist-packages/robot_msg-0.0.0-py3.10.egg-info/PKG-INFO
-- Symlinking: /home/prathamesh/robot_ws/install/robot_msg/local/lib/python3.10/dist-packages/robot_msg-0.0.0-py3.10.egg-info/SOURCES.txt
-- Symlinking: /home/prathamesh/robot_ws/install/robot_msg/local/lib/python3.10/dist-packages/robot_msg-0.0.0-py3.10.egg-info/dependency_links.txt
-- Symlinking: /home/prathamesh/robot_ws/install/robot_msg/local/lib/python3.10/dist-packages/robot_msg-0.0.0-py3.10.egg-info/top_level.txt
-- Symlinking: /home/prathamesh/robot_ws/install/robot_msg/local/lib/python3.10/dist-packages/robot_msg/__init__.py
-- Symlinking: /home/prathamesh/robot_ws/install/robot_msg/local/lib/python3.10/dist-packages/robot_msg/_robot_msg_s.ep.rosidl_typesupport_c.c
-- Symlinking: /home/prathamesh/robot_ws/install/robot_msg/local/lib/python3.10/dist-packages/robot_msg/_robot_msg_s.ep.rosidl_typesupport_fastrtps_c.c
-- Symlinking: /home/prathamesh/robot_ws/install/robot_msg/local/lib/python3.10/dist-packages/robot_msg/_robot_msg_s.ep.rosidl_typesupport_introspection_c.c
-- Symlinking: /home/prathamesh/robot_ws/install/robot_msg/local/lib/python3.10/dist-packages/robot_msg/librobot_msg__rosidl_generator_py.so
-- Symlinking: /home/prathamesh/robot_ws/install/robot_msg/local/lib/python3.10/dist-packages/robot_msg/robot_msg_s__rosidl_typesupport_c.cpython-310-x86_64-linux-gnu.so
-- Symlinking: /home/prathamesh/robot_ws/install/robot_msg/local/lib/python3.10/dist-packages/robot_msg/robot_msg_s__rosidl_typesupport_fastrtps_c.cpython-310-x86_64-linux-gnu.so
-- Symlinking: /home/prathamesh/robot_ws/install/robot_msg/local/lib/python3.10/dist-packages/robot_msg/robot_msg_s__rosidl_typesupport_introspection_c.cpython-310-x86_64-linux-gnu.so
-- Symlinking: /home/prathamesh/robot_ws/install/robot_msg/local/lib/python3.10/dist-packages/robot_msg/srv/__init__.py
-- Symlinking: /home/prathamesh/robot_ws/install/robot_msg/local/lib/python3.10/dist-packages/robot_msg/srv/_traj_time.py
-- Symlinking: /home/prathamesh/robot_ws/install/robot_msg/local/lib/python3.10/dist-packages/robot_msg/srv/_traj_time_s.c
-- Up-to-date symlink: /home/prathamesh/robot_ws/install/robot_msg/local/lib/python3.10/dist-packages/robot_msg/robot_msg_s__rosidl_typesupport_fastrtps_c.cpython-310-x86_64-linux-gnu.so
-- Up-to-date symlink: /home/prathamesh/robot_ws/install/robot_msg/local/lib/python3.10/dist-packages/robot_msg/robot_msg_s__rosidl_typesupport_introspection_c.cpython-310-x86_64-linux-gnu.so
-- Up-to-date symlink: /home/prathamesh/robot_ws/install/robot_msg/local/lib/python3.10/dist-packages/robot_msg/robot_msg_s__rosidl_typesupport_c.cpython-310-x86_64-linux-gnu.so
-- Symlinking: /home/prathamesh/robot_ws/install/robot_msg/share/robot_msg/srv/TrajTime.idl
-- Symlinking: /home/prathamesh/robot_ws/install/robot_msg/share/robot_msg/srv/TrajTime.srv
-- Symlinking: /home/prathamesh/robot_ws/install/robot_msg/share/robot_msg/srv/TrajTime_Request.msg
-- Symlinking: /home/prathamesh/robot_ws/install/robot_msg/share/robot_msg/srv/TrajTime_Response.msg
-- Symlinking: /home/prathamesh/robot_ws/install/robot_msg/share/ament_index/resource_index/package_run_dependencies/robot_msg
-- Symlinking: /home/prathamesh/robot_ws/install/robot_msg/share/ament_index/resource_index/parent_prefix_path/robot_msg
-- Symlinking: /home/prathamesh/robot_ws/install/robot_msg/share/robot_msg/environment/ament_prefix_path.sh
-- Symlinking: /home/prathamesh/robot_ws/install/robot_msg/share/robot_msg/environment/ament_prefix_path.dsv
-- Symlinking: /home/prathamesh/robot_ws/install/robot_msg/share/robot_msg/environment/path.sh
-- Symlinking: /home/prathamesh/robot_ws/install/robot_msg/share/robot_msg/environment/path.dsv
-- Symlinking: /home/prathamesh/robot_ws/install/robot_msg/share/robot_msg/local_setup.bash
-- Symlinking: /home/prathamesh/robot_ws/install/robot_msg/share/robot_msg/local_setup.sh
-- Symlinking: /home/prathamesh/robot_ws/install/robot_msg/share/robot_msg/local_setup.zsh
-- Symlinking: /home/prathamesh/robot_ws/install/robot_msg/share/robot_msg/local_setup.dsv
-- Symlinking: /home/prathamesh/robot_ws/install/robot_msg/share/robot_msg/package.dsv
-- Symlinking: /home/prathamesh/robot_ws/install/robot_msg/share/ament_index/resource_index/packages/robot_msg
-- Symlinking: /home/prathamesh/robot_ws/install/robot_msg/share/robot_msg/cmake/rosidl_cmake-extras.cmake
-- Symlinking: /home/prathamesh/robot_ws/install/robot_msg/share/robot_msg/cmake/ament_cmake_export_include_directories-extras.cmake
-- Symlinking: /home/prathamesh/robot_ws/install/robot_msg/share/robot_msg/cmake/ament_cmake_export_libraries-extras.cmake
-- Symlinking: /home/prathamesh/robot_ws/install/robot_msg/share/robot_msg/cmake/ament_cmake_export_targets-extras.cmake
-- Symlinking: /home/prathamesh/robot_ws/install/robot_msg/share/robot_msg/cmake/rosidl_cmake_export_typesupport_targets-extras.cmake
-- Symlinking: /home/prathamesh/robot_ws/install/robot_msg/share/robot_msg/cmake/ament_cmake_export_dependencies-extras.cmake
-- Symlinking: /home/prathamesh/robot_ws/install/robot_msg/share/robot_msg/cmake/rosidl_cmake_export_typesupport_libraries-extras.cmake
-- Symlinking: /home/prathamesh/robot_ws/install/robot_msg/share/robot_msg/cmake/robot_msgConfig.cmake
-- Symlinking: /home/prathamesh/robot_ws/install/robot_msg/share/robot_msg/cmake/robot_msgConfig-version.cmake
-- Symlinking: /home/prathamesh/robot_ws/install/robot_msg/share/robot_msg/package.xml
-- Installing: /home/prathamesh/robot_ws/install/robot_msg/lib/librobot_msg__rosidl_generator_c.so
-- Set runtime path of "/home/prathamesh/robot_ws/install/robot_msg/lib/librobot_msg__rosidl_generator_c.so" to ""
-- Installing: /home/prathamesh/robot_ws/install/robot_msg/lib/librobot_msg__rosidl_typesupport_fastrtps_c.so
-- Set runtime path of "/home/prathamesh/robot_ws/install/robot_msg/lib/librobot_msg__rosidl_typesupport_fastrtps_c.so" to ""
-- Installing: /home/prathamesh/robot_ws/install/robot_msg/lib/librobot_msg__rosidl_typesupport_fastrtps_cpp.so
-- Set runtime path of "/home/prathamesh/robot_ws/install/robot_msg/lib/librobot_msg__rosidl_typesupport_fastrtps_cpp.so" to ""
-- Installing: /home/prathamesh/robot_ws/install/robot_msg/lib/librobot_msg__rosidl_typesupport_introspection_c.so
-- Set runtime path of "/home/prathamesh/robot_ws/install/robot_msg/lib/librobot_msg__rosidl_typesupport_introspection_c.so" to ""
-- Installing: /home/prathamesh/robot_ws/install/robot_msg/lib/librobot_msg__rosidl_typesupport_c.so
-- Set runtime path of "/home/prathamesh/robot_ws/install/robot_msg/lib/librobot_msg__rosidl_typesupport_c.so" to ""
-- Installing: /home/prathamesh/robot_ws/install/robot_msg/lib/librobot_msg__rosidl_typesupport_introspection_cpp.so
-- Set runtime path of "/home/prathamesh/robot_ws/install/robot_msg/lib/librobot_msg__rosidl_typesupport_introspection_cpp.so" to ""
-- Installing: /home/prathamesh/robot_ws/install/robot_msg/lib/librobot_msg__rosidl_typesupport_cpp.so
-- Set runtime path of "/home/prathamesh/robot_ws/install/robot_msg/lib/librobot_msg__rosidl_typesupport_cpp.so" to ""
Listing '/home/prathamesh/robot_ws/install/robot_msg/local/lib/python3.10/dist-packages/robot_msg'...
Compiling '/home/prathamesh/robot_ws/install/robot_msg/local/lib/python3.10/dist-packages/robot_msg/__init__.py'...
Listing '/home/prathamesh/robot_ws/install/robot_msg/local/lib/python3.10/dist-packages/robot_msg/srv'...
Compiling '/home/prathamesh/robot_ws/install/robot_msg/local/lib/python3.10/dist-packages/robot_msg/srv/__init__.py'...
Compiling '/home/prathamesh/robot_ws/install/robot_msg/local/lib/python3.10/dist-packages/robot_msg/srv/_traj_time.py'...
-- Installing: /home/prathamesh/robot_ws/install/robot_msg/lib/librobot_msg__rosidl_generator_py.so
-- Set runtime path of "/home/prathamesh/robot_ws/install/robot_msg/lib/librobot_msg__rosidl_generator_py.so" to ""
-- Installing: /home/prathamesh/robot_ws/install/robot_msg/share/robot_msg/cmake/export_robot_msg__rosidl_generator_cExport.cmake
-- Installing: /home/prathamesh/robot_ws/install/robot_msg/share/robot_msg/cmake/export_robot_msg__rosidl_generator_cExport-noconfig.cmake
-- Installing: /home/prathamesh/robot_ws/install/robot_msg/share/robot_msg/cmake/export_robot_msg__rosidl_typesupport_fastrtps_cExport.cmake
-- Installing: /home/prathamesh/robot_ws/install/robot_msg/share/robot_msg/cmake/export_robot_msg__rosidl_typesupport_fastrtps_cExport-noconfig.cmake
-- Installing: /home/prathamesh/robot_ws/install/robot_msg/share/robot_msg/cmake/export_robot_msg__rosidl_generator_cppExport.cmake
-- Installing: /home/prathamesh/robot_ws/install/robot_msg/share/robot_msg/cmake/export_robot_msg__rosidl_typesupport_fastrtps_cppExport.cmake
-- Installing: /home/prathamesh/robot_ws/install/robot_msg/share/robot_msg/cmake/export_robot_msg__rosidl_typesupport_fastrtps_cppExport-noconfig.cmake
-- Installing: /home/prathamesh/robot_ws/install/robot_msg/share/robot_msg/cmake/robot_msg__rosidl_typesupport_introspection_cExport.cmake
-- Installing: /home/prathamesh/robot_ws/install/robot_msg/share/robot_msg/cmake/robot_msg__rosidl_typesupport_introspection_cExport-noconfig.cmake
-- Installing: /home/prathamesh/robot_ws/install/robot_msg/share/robot_msg/cmake/robot_msg__rosidl_typesupport_cExport.cmake
-- Installing: /home/prathamesh/robot_ws/install/robot_msg/share/robot_msg/cmake/robot_msg__rosidl_typesupport_cExport-noconfig.cmake
-- Installing: /home/prathamesh/robot_ws/install/robot_msg/share/robot_msg/cmake/robot_msg__rosidl_typesupport_introspection_cppExport.cmake
-- Installing: /home/prathamesh/robot_ws/install/robot_msg/share/robot_msg/cmake/robot_msg__rosidl_typesupport_introspection_cppExport-noconfig.cmake
-- Installing: /home/prathamesh/robot_ws/install/robot_msg/share/robot_msg/cmake/robot_msg__rosidl_typesupport_cppExport.cmake
-- Installing: /home/prathamesh/robot_ws/install/robot_msg/share/robot_msg/cmake/robot_msg__rosidl_typesupport_cppExport-noconfig.cmake
-- Installing: /home/prathamesh/robot_ws/install/robot_msg/share/robot_msg/cmake/export_robot_msg__rosidl_generator_pyExport.cmake
-- Installing: /home/prathamesh/robot_ws/install/robot_msg/share/robot_msg/cmake/export_robot_msg__rosidl_generator_pyExport-noconfig.cmake
