[0.039s] Invoking command in '/home/prathamesh/robot_ws/build/robot_msg': CMAKE_PREFIX_PATH=/opt/ros/humble /usr/bin/cmake /home/prathamesh/robot_ws/src/robot_msg -DAMENT_CMAKE_SYMLINK_INSTALL=1 -DCMAKE_INSTALL_PREFIX=/home/prathamesh/robot_ws/install/robot_msg
[0.059s] -- Found ament_cmake: 1.3.11 (/opt/ros/humble/share/ament_cmake/cmake)
[0.398s] -- Override CMake install command with custom implementation using symlinks instead of copying resources
[0.411s] -- Found std_msgs: 4.2.4 (/opt/ros/humble/share/std_msgs/cmake)
[0.482s] -- Found rosidl_generator_c: 3.1.6 (/opt/ros/humble/share/rosidl_generator_c/cmake)
[0.493s] -- Found rosidl_adapter: 3.1.6 (/opt/ros/humble/share/rosidl_adapter/cmake)
[0.508s] -- Found rosidl_generator_cpp: 3.1.6 (/opt/ros/humble/share/rosidl_generator_cpp/cmake)
[0.539s] -- Using all available rosidl_typesupport_c: rosidl_typesupport_fastrtps_c;rosidl_typesupport_introspection_c
[0.574s] -- Using all available rosidl_typesupport_cpp: rosidl_typesupport_fastrtps_cpp;rosidl_typesupport_introspection_cpp
[0.626s] -- Found rosidl_default_generators: 1.2.0 (/opt/ros/humble/share/rosidl_default_generators/cmake)
[1.127s] -- Found ament_cmake_ros: 0.10.0 (/opt/ros/humble/share/ament_cmake_ros/cmake)
[1.716s] -- Using all available rosidl_typesupport_c: rosidl_typesupport_fastrtps_c;rosidl_typesupport_introspection_c
[1.967s] -- Using all available rosidl_typesupport_cpp: rosidl_typesupport_fastrtps_cpp;rosidl_typesupport_introspection_cpp
[2.001s] -- Found PythonInterp: /usr/bin/python3 (found suitable version "3.10.12", minimum required is "3.6") 
[2.007s] -- Found python_cmake_module: 0.10.0 (/opt/ros/humble/share/python_cmake_module/cmake)
[2.052s] -- Found PythonLibs: /usr/lib/x86_64-linux-gnu/libpython3.10.so (found suitable version "3.10.12", minimum required is "3.5") 
[2.052s] -- Using PYTHON_EXECUTABLE: /usr/bin/python3
[2.053s] -- Using PYTHON_INCLUDE_DIRS: /usr/include/python3.10
[2.053s] -- Using PYTHON_LIBRARIES: /usr/lib/x86_64-linux-gnu/libpython3.10.so
[2.092s] -- Found PythonExtra: .so  
[2.159s] -- Found ament_lint_auto: 0.12.11 (/opt/ros/humble/share/ament_lint_auto/cmake)
[2.184s] -- Added test 'lint_cmake' to check CMake code style
[2.188s] -- Added test 'xmllint' to check XML markup files
[2.191s] -- Configuring done
[2.253s] -- Generating done
[2.281s] -- Build files have been written to: /home/prathamesh/robot_ws/build/robot_msg
[2.294s] Invoked command in '/home/prathamesh/robot_ws/build/robot_msg' returned '0': CMAKE_PREFIX_PATH=/opt/ros/humble /usr/bin/cmake /home/prathamesh/robot_ws/src/robot_msg -DAMENT_CMAKE_SYMLINK_INSTALL=1 -DCMAKE_INSTALL_PREFIX=/home/prathamesh/robot_ws/install/robot_msg
[2.295s] Invoking command in '/home/prathamesh/robot_ws/build/robot_msg': CMAKE_PREFIX_PATH=/opt/ros/humble /usr/bin/cmake --build /home/prathamesh/robot_ws/build/robot_msg -- -j8 -l8
[2.408s] [  3%] [34m[1mGenerating C code for ROS interfaces[0m
[2.452s] [  6%] [34m[1mGenerating C++ code for ROS interfaces[0m
[2.490s] [  6%] Built target ament_cmake_python_symlink_robot_msg
[3.444s] running egg_info
[3.447s] creating robot_msg.egg-info
[3.448s] writing robot_msg.egg-info/PKG-INFO
[3.449s] writing dependency_links to robot_msg.egg-info/dependency_links.txt
[3.450s] writing top-level names to robot_msg.egg-info/top_level.txt
[3.454s] writing manifest file 'robot_msg.egg-info/SOURCES.txt'
[3.465s] reading manifest file 'robot_msg.egg-info/SOURCES.txt'
[3.477s] writing manifest file 'robot_msg.egg-info/SOURCES.txt'
[3.631s] [  6%] Built target robot_msg__cpp
[3.660s] [  9%] [32mBuilding C object CMakeFiles/robot_msg__rosidl_generator_c.dir/rosidl_generator_c/robot_msg/srv/detail/traj_time__functions.c.o[0m
[3.661s] [  9%] Built target ament_cmake_python_build_robot_msg_egg
[3.665s] [ 12%] [34m[1mGenerating C++ type support for eProsima Fast-RTPS[0m
[3.688s] [ 16%] [34m[1mGenerating C++ type support dispatch for ROS interfaces[0m
[3.688s] [ 19%] [34m[1mGenerating C++ introspection for ROS interfaces[0m
[3.933s] [ 22%] [32m[1mLinking C shared library librobot_msg__rosidl_generator_c.so[0m
[4.131s] [ 22%] Built target robot_msg__rosidl_generator_c
[4.175s] [ 25%] [34m[1mGenerating C type support dispatch for ROS interfaces[0m
[4.185s] [ 29%] [34m[1mGenerating C introspection for ROS interfaces[0m
[4.193s] [ 32%] [34m[1mGenerating C type support for eProsima Fast-RTPS[0m
[4.881s] [ 35%] [32mBuilding CXX object CMakeFiles/robot_msg__rosidl_typesupport_cpp.dir/rosidl_typesupport_cpp/robot_msg/srv/traj_time__type_support.cpp.o[0m
[5.212s] [ 38%] [32mBuilding CXX object CMakeFiles/robot_msg__rosidl_typesupport_fastrtps_cpp.dir/rosidl_typesupport_fastrtps_cpp/robot_msg/srv/detail/dds_fastrtps/traj_time__type_support.cpp.o[0m
[5.262s] [ 41%] [32mBuilding CXX object CMakeFiles/robot_msg__rosidl_typesupport_c.dir/rosidl_typesupport_c/robot_msg/srv/traj_time__type_support.cpp.o[0m
[5.363s] [ 45%] [32mBuilding CXX object CMakeFiles/robot_msg__rosidl_typesupport_introspection_cpp.dir/rosidl_typesupport_introspection_cpp/robot_msg/srv/detail/traj_time__type_support.cpp.o[0m
[5.385s] [ 48%] [32m[1mLinking CXX shared library librobot_msg__rosidl_typesupport_c.so[0m
[5.439s] [ 51%] [32mBuilding C object CMakeFiles/robot_msg__rosidl_typesupport_introspection_c.dir/rosidl_typesupport_introspection_c/robot_msg/srv/detail/traj_time__type_support.c.o[0m
[5.483s] [ 54%] [32mBuilding CXX object CMakeFiles/robot_msg__rosidl_typesupport_fastrtps_c.dir/rosidl_typesupport_fastrtps_c/robot_msg/srv/detail/traj_time__type_support_c.cpp.o[0m
[5.627s] [ 54%] Built target robot_msg__rosidl_typesupport_c
[5.635s] [ 58%] [32m[1mLinking C shared library librobot_msg__rosidl_typesupport_introspection_c.so[0m
[5.789s] [ 58%] Built target robot_msg__rosidl_typesupport_introspection_c
[6.301s] [ 61%] [32m[1mLinking CXX shared library librobot_msg__rosidl_typesupport_cpp.so[0m
[6.458s] [ 61%] Built target robot_msg__rosidl_typesupport_cpp
[6.865s] [ 64%] [32m[1mLinking CXX shared library librobot_msg__rosidl_typesupport_fastrtps_c.so[0m
[7.038s] [ 67%] [32m[1mLinking CXX shared library librobot_msg__rosidl_typesupport_fastrtps_cpp.so[0m
[7.182s] [ 70%] [32m[1mLinking CXX shared library librobot_msg__rosidl_typesupport_introspection_cpp.so[0m
[7.335s] [ 70%] Built target robot_msg__rosidl_typesupport_fastrtps_c
[7.556s] [ 70%] Built target robot_msg__rosidl_typesupport_introspection_cpp
[7.610s] [ 70%] Built target robot_msg__rosidl_typesupport_fastrtps_cpp
[7.700s] [ 70%] Built target robot_msg
[7.787s] [ 74%] [34m[1mGenerating Python code for ROS interfaces[0m
[8.922s] [ 74%] Built target robot_msg__py
[9.005s] [ 77%] [32mBuilding C object CMakeFiles/robot_msg__rosidl_generator_py.dir/rosidl_generator_py/robot_msg/srv/_traj_time_s.c.o[0m
[9.319s] [ 80%] [32m[1mLinking C shared library rosidl_generator_py/robot_msg/librobot_msg__rosidl_generator_py.so[0m
[9.394s] [ 80%] Built target robot_msg__rosidl_generator_py
[9.439s] [ 83%] [32mBuilding C object CMakeFiles/robot_msg__rosidl_typesupport_introspection_c__pyext.dir/rosidl_generator_py/robot_msg/_robot_msg_s.ep.rosidl_typesupport_introspection_c.c.o[0m
[9.439s] [ 87%] [32mBuilding C object CMakeFiles/robot_msg__rosidl_typesupport_c__pyext.dir/rosidl_generator_py/robot_msg/_robot_msg_s.ep.rosidl_typesupport_c.c.o[0m
[9.444s] [ 90%] [32mBuilding C object CMakeFiles/robot_msg__rosidl_typesupport_fastrtps_c__pyext.dir/rosidl_generator_py/robot_msg/_robot_msg_s.ep.rosidl_typesupport_fastrtps_c.c.o[0m
[9.669s] [ 96%] [32m[1mLinking C shared library rosidl_generator_py/robot_msg/robot_msg_s__rosidl_typesupport_introspection_c.cpython-310-x86_64-linux-gnu.so[0m
[9.669s] [ 96%] [32m[1mLinking C shared library rosidl_generator_py/robot_msg/robot_msg_s__rosidl_typesupport_c.cpython-310-x86_64-linux-gnu.so[0m
[9.676s] [100%] [32m[1mLinking C shared library rosidl_generator_py/robot_msg/robot_msg_s__rosidl_typesupport_fastrtps_c.cpython-310-x86_64-linux-gnu.so[0m
[9.756s] [100%] Built target robot_msg__rosidl_typesupport_introspection_c__pyext
[9.756s] [100%] Built target robot_msg__rosidl_typesupport_c__pyext
[9.767s] [100%] Built target robot_msg__rosidl_typesupport_fastrtps_c__pyext
[9.782s] Invoked command in '/home/prathamesh/robot_ws/build/robot_msg' returned '0': CMAKE_PREFIX_PATH=/opt/ros/humble /usr/bin/cmake --build /home/prathamesh/robot_ws/build/robot_msg -- -j8 -l8
[9.787s] Invoking command in '/home/prathamesh/robot_ws/build/robot_msg': CMAKE_PREFIX_PATH=/opt/ros/humble /usr/bin/cmake --install /home/prathamesh/robot_ws/build/robot_msg
[9.800s] -- Install configuration: ""
[9.801s] -- Execute custom install script
[9.801s] -- Symlinking: /home/prathamesh/robot_ws/install/robot_msg/share/ament_index/resource_index/rosidl_interfaces/robot_msg
[9.819s] -- Symlinking: /home/prathamesh/robot_ws/install/robot_msg/include/robot_msg/robot_msg/msg/rosidl_generator_c__visibility_control.h
[9.836s] -- Symlinking: /home/prathamesh/robot_ws/install/robot_msg/include/robot_msg/robot_msg/srv/detail/traj_time__functions.h
[9.848s] -- Symlinking: /home/prathamesh/robot_ws/install/robot_msg/include/robot_msg/robot_msg/srv/detail/traj_time__struct.h
[9.858s] -- Symlinking: /home/prathamesh/robot_ws/install/robot_msg/include/robot_msg/robot_msg/srv/detail/traj_time__type_support.h
[9.877s] -- Symlinking: /home/prathamesh/robot_ws/install/robot_msg/include/robot_msg/robot_msg/srv/traj_time.h
[9.901s] -- Symlinking: /home/prathamesh/robot_ws/install/robot_msg/share/robot_msg/environment/library_path.sh
[9.931s] -- Symlinking: /home/prathamesh/robot_ws/install/robot_msg/share/robot_msg/environment/library_path.dsv
[9.945s] -- Symlinking: /home/prathamesh/robot_ws/install/robot_msg/include/robot_msg/robot_msg/msg/rosidl_typesupport_fastrtps_c__visibility_control.h
[9.956s] -- Symlinking: /home/prathamesh/robot_ws/install/robot_msg/include/robot_msg/robot_msg/srv/detail/traj_time__rosidl_typesupport_fastrtps_c.h
[9.970s] -- Symlinking: /home/prathamesh/robot_ws/install/robot_msg/include/robot_msg/robot_msg/msg/rosidl_generator_cpp__visibility_control.hpp
[9.979s] -- Symlinking: /home/prathamesh/robot_ws/install/robot_msg/include/robot_msg/robot_msg/srv/detail/traj_time__builder.hpp
[9.998s] -- Symlinking: /home/prathamesh/robot_ws/install/robot_msg/include/robot_msg/robot_msg/srv/detail/traj_time__struct.hpp
[10.010s] -- Symlinking: /home/prathamesh/robot_ws/install/robot_msg/include/robot_msg/robot_msg/srv/detail/traj_time__traits.hpp
[10.022s] -- Symlinking: /home/prathamesh/robot_ws/install/robot_msg/include/robot_msg/robot_msg/srv/detail/traj_time__type_support.hpp
[10.038s] -- Symlinking: /home/prathamesh/robot_ws/install/robot_msg/include/robot_msg/robot_msg/srv/traj_time.hpp
[10.057s] -- Symlinking: /home/prathamesh/robot_ws/install/robot_msg/include/robot_msg/robot_msg/msg/rosidl_typesupport_fastrtps_cpp__visibility_control.h
[10.075s] -- Symlinking: /home/prathamesh/robot_ws/install/robot_msg/include/robot_msg/robot_msg/srv/detail/traj_time__rosidl_typesupport_fastrtps_cpp.hpp
[10.091s] -- Symlinking: /home/prathamesh/robot_ws/install/robot_msg/include/robot_msg/robot_msg/msg/rosidl_typesupport_introspection_c__visibility_control.h
[10.108s] -- Symlinking: /home/prathamesh/robot_ws/install/robot_msg/include/robot_msg/robot_msg/srv/detail/traj_time__rosidl_typesupport_introspection_c.h
[10.121s] -- Symlinking: /home/prathamesh/robot_ws/install/robot_msg/include/robot_msg/robot_msg/srv/detail/traj_time__rosidl_typesupport_introspection_cpp.hpp
[10.136s] -- Symlinking: /home/prathamesh/robot_ws/install/robot_msg/share/robot_msg/environment/pythonpath.sh
[10.152s] -- Symlinking: /home/prathamesh/robot_ws/install/robot_msg/share/robot_msg/environment/pythonpath.dsv
[10.166s] -- Symlinking: /home/prathamesh/robot_ws/install/robot_msg/local/lib/python3.10/dist-packages/robot_msg-0.0.0-py3.10.egg-info/PKG-INFO
[10.176s] -- Symlinking: /home/prathamesh/robot_ws/install/robot_msg/local/lib/python3.10/dist-packages/robot_msg-0.0.0-py3.10.egg-info/SOURCES.txt
[10.194s] -- Symlinking: /home/prathamesh/robot_ws/install/robot_msg/local/lib/python3.10/dist-packages/robot_msg-0.0.0-py3.10.egg-info/dependency_links.txt
[10.214s] -- Symlinking: /home/prathamesh/robot_ws/install/robot_msg/local/lib/python3.10/dist-packages/robot_msg-0.0.0-py3.10.egg-info/top_level.txt
[10.244s] -- Symlinking: /home/prathamesh/robot_ws/install/robot_msg/local/lib/python3.10/dist-packages/robot_msg/__init__.py
[10.258s] -- Symlinking: /home/prathamesh/robot_ws/install/robot_msg/local/lib/python3.10/dist-packages/robot_msg/_robot_msg_s.ep.rosidl_typesupport_c.c
[10.275s] -- Symlinking: /home/prathamesh/robot_ws/install/robot_msg/local/lib/python3.10/dist-packages/robot_msg/_robot_msg_s.ep.rosidl_typesupport_fastrtps_c.c
[10.292s] -- Symlinking: /home/prathamesh/robot_ws/install/robot_msg/local/lib/python3.10/dist-packages/robot_msg/_robot_msg_s.ep.rosidl_typesupport_introspection_c.c
[10.309s] -- Symlinking: /home/prathamesh/robot_ws/install/robot_msg/local/lib/python3.10/dist-packages/robot_msg/librobot_msg__rosidl_generator_py.so
[10.323s] -- Symlinking: /home/prathamesh/robot_ws/install/robot_msg/local/lib/python3.10/dist-packages/robot_msg/robot_msg_s__rosidl_typesupport_c.cpython-310-x86_64-linux-gnu.so
[10.337s] -- Symlinking: /home/prathamesh/robot_ws/install/robot_msg/local/lib/python3.10/dist-packages/robot_msg/robot_msg_s__rosidl_typesupport_fastrtps_c.cpython-310-x86_64-linux-gnu.so
[10.354s] -- Symlinking: /home/prathamesh/robot_ws/install/robot_msg/local/lib/python3.10/dist-packages/robot_msg/robot_msg_s__rosidl_typesupport_introspection_c.cpython-310-x86_64-linux-gnu.so
[10.373s] -- Symlinking: /home/prathamesh/robot_ws/install/robot_msg/local/lib/python3.10/dist-packages/robot_msg/srv/__init__.py
[10.392s] -- Symlinking: /home/prathamesh/robot_ws/install/robot_msg/local/lib/python3.10/dist-packages/robot_msg/srv/_traj_time.py
[10.405s] -- Symlinking: /home/prathamesh/robot_ws/install/robot_msg/local/lib/python3.10/dist-packages/robot_msg/srv/_traj_time_s.c
[10.418s] -- Up-to-date symlink: /home/prathamesh/robot_ws/install/robot_msg/local/lib/python3.10/dist-packages/robot_msg/robot_msg_s__rosidl_typesupport_fastrtps_c.cpython-310-x86_64-linux-gnu.so
[10.418s] -- Up-to-date symlink: /home/prathamesh/robot_ws/install/robot_msg/local/lib/python3.10/dist-packages/robot_msg/robot_msg_s__rosidl_typesupport_introspection_c.cpython-310-x86_64-linux-gnu.so
[10.418s] -- Up-to-date symlink: /home/prathamesh/robot_ws/install/robot_msg/local/lib/python3.10/dist-packages/robot_msg/robot_msg_s__rosidl_typesupport_c.cpython-310-x86_64-linux-gnu.so
[10.418s] -- Symlinking: /home/prathamesh/robot_ws/install/robot_msg/share/robot_msg/srv/TrajTime.idl
[10.436s] -- Symlinking: /home/prathamesh/robot_ws/install/robot_msg/share/robot_msg/srv/TrajTime.srv
[10.452s] -- Symlinking: /home/prathamesh/robot_ws/install/robot_msg/share/robot_msg/srv/TrajTime_Request.msg
[10.462s] -- Symlinking: /home/prathamesh/robot_ws/install/robot_msg/share/robot_msg/srv/TrajTime_Response.msg
[10.477s] -- Symlinking: /home/prathamesh/robot_ws/install/robot_msg/share/ament_index/resource_index/package_run_dependencies/robot_msg
[10.489s] -- Symlinking: /home/prathamesh/robot_ws/install/robot_msg/share/ament_index/resource_index/parent_prefix_path/robot_msg
[10.501s] -- Symlinking: /home/prathamesh/robot_ws/install/robot_msg/share/robot_msg/environment/ament_prefix_path.sh
[10.520s] -- Symlinking: /home/prathamesh/robot_ws/install/robot_msg/share/robot_msg/environment/ament_prefix_path.dsv
[10.542s] -- Symlinking: /home/prathamesh/robot_ws/install/robot_msg/share/robot_msg/environment/path.sh
[10.570s] -- Symlinking: /home/prathamesh/robot_ws/install/robot_msg/share/robot_msg/environment/path.dsv
[10.584s] -- Symlinking: /home/prathamesh/robot_ws/install/robot_msg/share/robot_msg/local_setup.bash
[10.604s] -- Symlinking: /home/prathamesh/robot_ws/install/robot_msg/share/robot_msg/local_setup.sh
[10.618s] -- Symlinking: /home/prathamesh/robot_ws/install/robot_msg/share/robot_msg/local_setup.zsh
[10.635s] -- Symlinking: /home/prathamesh/robot_ws/install/robot_msg/share/robot_msg/local_setup.dsv
[10.646s] -- Symlinking: /home/prathamesh/robot_ws/install/robot_msg/share/robot_msg/package.dsv
[10.658s] -- Symlinking: /home/prathamesh/robot_ws/install/robot_msg/share/ament_index/resource_index/packages/robot_msg
[10.676s] -- Symlinking: /home/prathamesh/robot_ws/install/robot_msg/share/robot_msg/cmake/rosidl_cmake-extras.cmake
[10.702s] -- Symlinking: /home/prathamesh/robot_ws/install/robot_msg/share/robot_msg/cmake/ament_cmake_export_include_directories-extras.cmake
[10.721s] -- Symlinking: /home/prathamesh/robot_ws/install/robot_msg/share/robot_msg/cmake/ament_cmake_export_libraries-extras.cmake
[10.731s] -- Symlinking: /home/prathamesh/robot_ws/install/robot_msg/share/robot_msg/cmake/ament_cmake_export_targets-extras.cmake
[10.743s] -- Symlinking: /home/prathamesh/robot_ws/install/robot_msg/share/robot_msg/cmake/rosidl_cmake_export_typesupport_targets-extras.cmake
[10.760s] -- Symlinking: /home/prathamesh/robot_ws/install/robot_msg/share/robot_msg/cmake/ament_cmake_export_dependencies-extras.cmake
[10.775s] -- Symlinking: /home/prathamesh/robot_ws/install/robot_msg/share/robot_msg/cmake/rosidl_cmake_export_typesupport_libraries-extras.cmake
[10.793s] -- Symlinking: /home/prathamesh/robot_ws/install/robot_msg/share/robot_msg/cmake/robot_msgConfig.cmake
[10.806s] -- Symlinking: /home/prathamesh/robot_ws/install/robot_msg/share/robot_msg/cmake/robot_msgConfig-version.cmake
[10.817s] -- Symlinking: /home/prathamesh/robot_ws/install/robot_msg/share/robot_msg/package.xml
[10.837s] -- Installing: /home/prathamesh/robot_ws/install/robot_msg/lib/librobot_msg__rosidl_generator_c.so
[10.837s] -- Set runtime path of "/home/prathamesh/robot_ws/install/robot_msg/lib/librobot_msg__rosidl_generator_c.so" to ""
[10.837s] -- Installing: /home/prathamesh/robot_ws/install/robot_msg/lib/librobot_msg__rosidl_typesupport_fastrtps_c.so
[10.837s] -- Set runtime path of "/home/prathamesh/robot_ws/install/robot_msg/lib/librobot_msg__rosidl_typesupport_fastrtps_c.so" to ""
[10.837s] -- Installing: /home/prathamesh/robot_ws/install/robot_msg/lib/librobot_msg__rosidl_typesupport_fastrtps_cpp.so
[10.838s] -- Set runtime path of "/home/prathamesh/robot_ws/install/robot_msg/lib/librobot_msg__rosidl_typesupport_fastrtps_cpp.so" to ""
[10.838s] -- Installing: /home/prathamesh/robot_ws/install/robot_msg/lib/librobot_msg__rosidl_typesupport_introspection_c.so
[10.838s] -- Set runtime path of "/home/prathamesh/robot_ws/install/robot_msg/lib/librobot_msg__rosidl_typesupport_introspection_c.so" to ""
[10.838s] -- Installing: /home/prathamesh/robot_ws/install/robot_msg/lib/librobot_msg__rosidl_typesupport_c.so
[10.839s] -- Set runtime path of "/home/prathamesh/robot_ws/install/robot_msg/lib/librobot_msg__rosidl_typesupport_c.so" to ""
[10.839s] -- Installing: /home/prathamesh/robot_ws/install/robot_msg/lib/librobot_msg__rosidl_typesupport_introspection_cpp.so
[10.839s] -- Set runtime path of "/home/prathamesh/robot_ws/install/robot_msg/lib/librobot_msg__rosidl_typesupport_introspection_cpp.so" to ""
[10.839s] -- Installing: /home/prathamesh/robot_ws/install/robot_msg/lib/librobot_msg__rosidl_typesupport_cpp.so
[10.840s] -- Set runtime path of "/home/prathamesh/robot_ws/install/robot_msg/lib/librobot_msg__rosidl_typesupport_cpp.so" to ""
[10.934s] Listing '/home/prathamesh/robot_ws/install/robot_msg/local/lib/python3.10/dist-packages/robot_msg'...
[10.934s] Compiling '/home/prathamesh/robot_ws/install/robot_msg/local/lib/python3.10/dist-packages/robot_msg/__init__.py'...
[10.934s] Listing '/home/prathamesh/robot_ws/install/robot_msg/local/lib/python3.10/dist-packages/robot_msg/srv'...
[10.934s] Compiling '/home/prathamesh/robot_ws/install/robot_msg/local/lib/python3.10/dist-packages/robot_msg/srv/__init__.py'...
[10.934s] Compiling '/home/prathamesh/robot_ws/install/robot_msg/local/lib/python3.10/dist-packages/robot_msg/srv/_traj_time.py'...
[10.940s] -- Installing: /home/prathamesh/robot_ws/install/robot_msg/lib/librobot_msg__rosidl_generator_py.so
[10.941s] -- Set runtime path of "/home/prathamesh/robot_ws/install/robot_msg/lib/librobot_msg__rosidl_generator_py.so" to ""
[10.941s] -- Installing: /home/prathamesh/robot_ws/install/robot_msg/share/robot_msg/cmake/export_robot_msg__rosidl_generator_cExport.cmake
[10.941s] -- Installing: /home/prathamesh/robot_ws/install/robot_msg/share/robot_msg/cmake/export_robot_msg__rosidl_generator_cExport-noconfig.cmake
[10.941s] -- Installing: /home/prathamesh/robot_ws/install/robot_msg/share/robot_msg/cmake/export_robot_msg__rosidl_typesupport_fastrtps_cExport.cmake
[10.941s] -- Installing: /home/prathamesh/robot_ws/install/robot_msg/share/robot_msg/cmake/export_robot_msg__rosidl_typesupport_fastrtps_cExport-noconfig.cmake
[10.942s] -- Installing: /home/prathamesh/robot_ws/install/robot_msg/share/robot_msg/cmake/export_robot_msg__rosidl_generator_cppExport.cmake
[10.942s] -- Installing: /home/prathamesh/robot_ws/install/robot_msg/share/robot_msg/cmake/export_robot_msg__rosidl_typesupport_fastrtps_cppExport.cmake
[10.942s] -- Installing: /home/prathamesh/robot_ws/install/robot_msg/share/robot_msg/cmake/export_robot_msg__rosidl_typesupport_fastrtps_cppExport-noconfig.cmake
[10.942s] -- Installing: /home/prathamesh/robot_ws/install/robot_msg/share/robot_msg/cmake/robot_msg__rosidl_typesupport_introspection_cExport.cmake
[10.943s] -- Installing: /home/prathamesh/robot_ws/install/robot_msg/share/robot_msg/cmake/robot_msg__rosidl_typesupport_introspection_cExport-noconfig.cmake
[10.943s] -- Installing: /home/prathamesh/robot_ws/install/robot_msg/share/robot_msg/cmake/robot_msg__rosidl_typesupport_cExport.cmake
[10.944s] -- Installing: /home/prathamesh/robot_ws/install/robot_msg/share/robot_msg/cmake/robot_msg__rosidl_typesupport_cExport-noconfig.cmake
[10.944s] -- Installing: /home/prathamesh/robot_ws/install/robot_msg/share/robot_msg/cmake/robot_msg__rosidl_typesupport_introspection_cppExport.cmake
[10.944s] -- Installing: /home/prathamesh/robot_ws/install/robot_msg/share/robot_msg/cmake/robot_msg__rosidl_typesupport_introspection_cppExport-noconfig.cmake
[10.944s] -- Installing: /home/prathamesh/robot_ws/install/robot_msg/share/robot_msg/cmake/robot_msg__rosidl_typesupport_cppExport.cmake
[10.944s] -- Installing: /home/prathamesh/robot_ws/install/robot_msg/share/robot_msg/cmake/robot_msg__rosidl_typesupport_cppExport-noconfig.cmake
[10.945s] -- Installing: /home/prathamesh/robot_ws/install/robot_msg/share/robot_msg/cmake/export_robot_msg__rosidl_generator_pyExport.cmake
[10.945s] -- Installing: /home/prathamesh/robot_ws/install/robot_msg/share/robot_msg/cmake/export_robot_msg__rosidl_generator_pyExport-noconfig.cmake
[10.949s] Invoked command in '/home/prathamesh/robot_ws/build/robot_msg' returned '0': CMAKE_PREFIX_PATH=/opt/ros/humble /usr/bin/cmake --install /home/prathamesh/robot_ws/build/robot_msg
